<?xml version="1.0" encoding="UTF-8"?>
<robot generator="Robot 3.2.1 (Python 3.7.7 on win32)" generated="20210502 10:05:36.631" rpa="false">
<suite id="s1" name="IS2 Robot Template CentOS-v2.0" source="C:\Users\hachol.d\PycharmProjects\Automation\IS2\IS2_Robot_Template_CentOS-v2.0.robot">
<kw name="Run Keyword" library="BuiltIn" type="setup">
<doc>Executes the given keyword with the given arguments.</doc>
<arguments>
<arg>STARTJSON</arg>
</arguments>
<kw name="STARTJSON">
<kw name="Load JSON From File" library="JSONLibrary">
<doc>Load JSON from file.</doc>
<arguments>
<arg>${TEMPLATE_HOST}</arg>
</arguments>
<assign>
<var>${json_obj_HOST}</var>
</assign>
<msg timestamp="20210502 10:05:36.980" level="INFO">${json_obj_HOST} = {'Host_Detail': {'VERSION': '2.0  29DEC2020', 'HOSTNAME': 'DataBase Server1', 'IP-ADDRESS': '192.168.20.30', 'USER': 'root', 'PASSWORD': '123456'}}</msg>
<status status="PASS" starttime="20210502 10:05:36.979" endtime="20210502 10:05:36.980"></status>
</kw>
<kw name="Set Global Variable" library="BuiltIn">
<doc>Makes a variable available globally in all tests and suites.</doc>
<arguments>
<arg>${json_obj_HOST}</arg>
</arguments>
<msg timestamp="20210502 10:05:36.981" level="INFO">${json_obj_HOST} = {'Host_Detail': {'VERSION': '2.0  29DEC2020', 'HOSTNAME': 'DataBase Server1', 'IP-ADDRESS': '192.168.20.30', 'USER': 'root', 'PASSWORD': '123456'}}</msg>
<status status="PASS" starttime="20210502 10:05:36.981" endtime="20210502 10:05:36.981"></status>
</kw>
<kw name="Get Value From Json" library="JSONLibrary">
<doc>Get Value From JSON using JSONPath</doc>
<arguments>
<arg>${json_obj_HOST}</arg>
<arg>$.Host_Detail.IP-ADDRESS</arg>
</arguments>
<assign>
<var>${IP_Address}</var>
</assign>
<msg timestamp="20210502 10:05:37.000" level="INFO">${IP_Address} = ['192.168.20.30']</msg>
<status status="PASS" starttime="20210502 10:05:36.981" endtime="20210502 10:05:37.000"></status>
</kw>
<kw name="Get Value From Json" library="JSONLibrary">
<doc>Get Value From JSON using JSONPath</doc>
<arguments>
<arg>${json_obj_HOST}</arg>
<arg>$.Host_Detail.USER</arg>
</arguments>
<assign>
<var>${user}</var>
</assign>
<msg timestamp="20210502 10:05:37.019" level="INFO">${user} = ['root']</msg>
<status status="PASS" starttime="20210502 10:05:37.001" endtime="20210502 10:05:37.019"></status>
</kw>
<kw name="Get Value From Json" library="JSONLibrary">
<doc>Get Value From JSON using JSONPath</doc>
<arguments>
<arg>${json_obj_HOST}</arg>
<arg>$.Host_Detail.PASSWORD</arg>
</arguments>
<assign>
<var>${password}</var>
</assign>
<msg timestamp="20210502 10:05:37.038" level="INFO">${password} = ['123456']</msg>
<status status="PASS" starttime="20210502 10:05:37.020" endtime="20210502 10:05:37.038"></status>
</kw>
<kw name="Open Connection" library="SSHLibrary">
<doc>Opens a new SSH connection to the given ``host`` and ``port``.</doc>
<arguments>
<arg>${IP_Address[0]}</arg>
<arg>delay[2]</arg>
</arguments>
<status status="PASS" starttime="20210502 10:05:37.039" endtime="20210502 10:05:37.039"></status>
</kw>
<kw name="Login" library="SSHLibrary">
<doc>Logs into the SSH server with the given ``username`` and ``password``.</doc>
<arguments>
<arg>${user[0]}</arg>
<arg>${password[0]}</arg>
</arguments>
<msg timestamp="20210502 10:05:37.039" level="INFO">Logging into '192.168.20.30:22' as 'root'.</msg>
<msg timestamp="20210502 10:05:38.819" level="INFO">Read output: ################################################################
#                                                              # 
#                   Authorized access only !!                  #
#   Access to this device is restricted to those individuals   #
#   with specific Permissions.  If you are not an authorized   #
#   user,  disconnect now. Any attempts to gain unauthorized   #
#   access will be prosecuted to the fullest extent of the law #
#                                                              #
################################################################




Last login: Sat May  1 22:26:52 2021
[root@localhost ~]#</msg>
<status status="PASS" starttime="20210502 10:05:37.039" endtime="20210502 10:05:38.820"></status>
</kw>
<status status="PASS" starttime="20210502 10:05:36.979" endtime="20210502 10:05:38.820"></status>
</kw>
<status status="PASS" starttime="20210502 10:05:36.979" endtime="20210502 10:05:38.820"></status>
</kw>
<test id="s1-t1" name="Automate_Select_CentOS_Template">
<kw name="Execute Command" library="SSHLibrary">
<doc>Executes ``command`` on the remote machine and returns its outputs.</doc>
<arguments>
<arg>rpm -q centos-release</arg>
</arguments>
<assign>
<var>${GET_VERSION}</var>
</assign>
<msg timestamp="20210502 10:05:38.823" level="INFO">Executing command 'rpm -q centos-release'.</msg>
<msg timestamp="20210502 10:05:38.991" level="INFO">Command exited with return code 0.</msg>
<msg timestamp="20210502 10:05:38.991" level="INFO">${GET_VERSION} = centos-release-8.2-2.2004.0.1.el8.x86_64</msg>
<status status="PASS" starttime="20210502 10:05:38.822" endtime="20210502 10:05:38.991"></status>
</kw>
<kw name="Log To Console" library="BuiltIn">
<doc>Logs the given message to the console.</doc>
<arguments>
<arg>${GET_VERSION}</arg>
</arguments>
<status status="PASS" starttime="20210502 10:05:38.991" endtime="20210502 10:05:38.992"></status>
</kw>
<kw name="Run Keyword If" library="BuiltIn">
<doc>Runs the given keyword with the given arguments, if ``condition`` is true.</doc>
<arguments>
<arg>'${GET_VERSION}'=='${VER7}'</arg>
<arg>Set Variable</arg>
<arg>${TEMPLATE1_CENTOS7}</arg>
</arguments>
<assign>
<var>${TEMPLATE_FILE}</var>
</assign>
<msg timestamp="20210502 10:05:38.992" level="INFO">${TEMPLATE_FILE} = None</msg>
<status status="PASS" starttime="20210502 10:05:38.992" endtime="20210502 10:05:38.992"></status>
</kw>
<kw name="Run Keyword If" library="BuiltIn">
<doc>Runs the given keyword with the given arguments, if ``condition`` is true.</doc>
<arguments>
<arg>'${GET_VERSION}'=='${VER8}'</arg>
<arg>Set Variable</arg>
<arg>${TEMPLATE2_CENTOS8}</arg>
</arguments>
<assign>
<var>${TEMPLATE_FILE}</var>
</assign>
<kw name="Set Variable" library="BuiltIn">
<doc>Returns the given values which can then be assigned to a variables.</doc>
<arguments>
<arg>${TEMPLATE2_CENTOS8}</arg>
</arguments>
<status status="PASS" starttime="20210502 10:05:38.992" endtime="20210502 10:05:38.992"></status>
</kw>
<msg timestamp="20210502 10:05:38.992" level="INFO">${TEMPLATE_FILE} = C:/Users/hachol.d/PycharmProjects/Automation/IS2/IS2_JSON_Template_CentOS8_v2.0.json</msg>
<status status="PASS" starttime="20210502 10:05:38.992" endtime="20210502 10:05:38.992"></status>
</kw>
<kw name="Run Keyword If" library="BuiltIn">
<doc>Runs the given keyword with the given arguments, if ``condition`` is true.</doc>
<arguments>
<arg>'${GET_VERSION}'=='${VER7}'</arg>
<arg>Set Variable</arg>
<arg>${HASH_TEMPLATE1_CENTOS7}</arg>
</arguments>
<assign>
<var>${HASH_VALUE_FILE}</var>
</assign>
<msg timestamp="20210502 10:05:38.993" level="INFO">${HASH_VALUE_FILE} = None</msg>
<status status="PASS" starttime="20210502 10:05:38.992" endtime="20210502 10:05:38.993"></status>
</kw>
<kw name="Run Keyword If" library="BuiltIn">
<doc>Runs the given keyword with the given arguments, if ``condition`` is true.</doc>
<arguments>
<arg>'${GET_VERSION}'=='${VER8}'</arg>
<arg>Set Variable</arg>
<arg>${HASH_TEMPLATE2_CENTOS8}</arg>
</arguments>
<assign>
<var>${HASH_VALUE_FILE}</var>
</assign>
<kw name="Set Variable" library="BuiltIn">
<doc>Returns the given values which can then be assigned to a variables.</doc>
<arguments>
<arg>${HASH_TEMPLATE2_CENTOS8}</arg>
</arguments>
<status status="PASS" starttime="20210502 10:05:38.993" endtime="20210502 10:05:38.993"></status>
</kw>
<msg timestamp="20210502 10:05:38.994" level="INFO">${HASH_VALUE_FILE} = C:/Users/hachol.d/PycharmProjects/Automation/IS2/IS2-Hash_Value_CentOS8.json</msg>
<status status="PASS" starttime="20210502 10:05:38.993" endtime="20210502 10:05:38.994"></status>
</kw>
<kw name="Log To Console" library="BuiltIn">
<doc>Logs the given message to the console.</doc>
<arguments>
<arg>${TEMPLATE_FILE}</arg>
</arguments>
<status status="PASS" starttime="20210502 10:05:38.994" endtime="20210502 10:05:38.994"></status>
</kw>
<kw name="Log To Console" library="BuiltIn">
<doc>Logs the given message to the console.</doc>
<arguments>
<arg>${HASH_VALUE_FILE}</arg>
</arguments>
<status status="PASS" starttime="20210502 10:05:38.994" endtime="20210502 10:05:38.994"></status>
</kw>
<kw name="Load JSON From File" library="JSONLibrary">
<doc>Load JSON from file.</doc>
<arguments>
<arg>${TEMPLATE_FILE}</arg>
</arguments>
<assign>
<var>${json_obj}</var>
</assign>
<msg timestamp="20210502 10:05:38.996" level="INFO">${json_obj} = {'Host_Detail': {'JSON-Template-Name': ':CentOS-8_10FEB2021_Ver2.0:', 'IP-ADDRESS': ':192.168.20.30:', 'OS': ':CentOS 8:', 'USER': '//root', 'PASSWORD': '//123456'}, 'Email_Receiver': {'TAG': 'Email n...</msg>
<status status="PASS" starttime="20210502 10:05:38.994" endtime="20210502 10:05:38.996"></status>
</kw>
<kw name="Set Global Variable" library="BuiltIn">
<doc>Makes a variable available globally in all tests and suites.</doc>
<arguments>
<arg>${json_obj}</arg>
</arguments>
<msg timestamp="20210502 10:05:38.996" level="INFO">${json_obj} = {'Host_Detail': {'JSON-Template-Name': ':CentOS-8_10FEB2021_Ver2.0:', 'IP-ADDRESS': ':192.168.20.30:', 'OS': ':CentOS 8:', 'USER': '//root', 'PASSWORD': '//123456'}, 'Email_Receiver': {'TAG': 'Email n...</msg>
<status status="PASS" starttime="20210502 10:05:38.996" endtime="20210502 10:05:38.996"></status>
</kw>
<kw name="Set Global Variable" library="BuiltIn">
<doc>Makes a variable available globally in all tests and suites.</doc>
<arguments>
<arg>${TEMPLATE_FILE}</arg>
</arguments>
<msg timestamp="20210502 10:05:38.997" level="INFO">${TEMPLATE_FILE} = C:/Users/hachol.d/PycharmProjects/Automation/IS2/IS2_JSON_Template_CentOS8_v2.0.json</msg>
<status status="PASS" starttime="20210502 10:05:38.997" endtime="20210502 10:05:38.997"></status>
</kw>
<kw name="Set Global Variable" library="BuiltIn">
<doc>Makes a variable available globally in all tests and suites.</doc>
<arguments>
<arg>${HASH_VALUE_FILE}</arg>
</arguments>
<msg timestamp="20210502 10:05:38.997" level="INFO">${HASH_VALUE_FILE} = C:/Users/hachol.d/PycharmProjects/Automation/IS2/IS2-Hash_Value_CentOS8.json</msg>
<status status="PASS" starttime="20210502 10:05:38.997" endtime="20210502 10:05:38.997"></status>
</kw>
<kw name="Get Value From Json" library="JSONLibrary">
<doc>Get Value From JSON using JSONPath</doc>
<arguments>
<arg>${json_obj_HOST}</arg>
<arg>$.Host_Detail.HOSTNAME</arg>
</arguments>
<assign>
<var>${HOSTNAME}</var>
</assign>
<msg timestamp="20210502 10:05:39.015" level="INFO">${HOSTNAME} = ['DataBase Server1']</msg>
<status status="PASS" starttime="20210502 10:05:38.998" endtime="20210502 10:05:39.016"></status>
</kw>
<kw name="Get Value From Json" library="JSONLibrary">
<doc>Get Value From JSON using JSONPath</doc>
<arguments>
<arg>${json_obj_HOST}</arg>
<arg>$.Host_Detail.IP-ADDRESS</arg>
</arguments>
<assign>
<var>${Host_IP_Address}</var>
</assign>
<msg timestamp="20210502 10:05:39.034" level="INFO">${Host_IP_Address} = ['192.168.20.30']</msg>
<status status="PASS" starttime="20210502 10:05:39.016" endtime="20210502 10:05:39.034"></status>
</kw>
<kw name="Get Value From Json" library="JSONLibrary">
<doc>Get Value From JSON using JSONPath</doc>
<arguments>
<arg>${json_obj}</arg>
<arg>$.Host_Detail.JSON-Template-Name</arg>
</arguments>
<assign>
<var>${JSON_TEMPLATE}</var>
</assign>
<msg timestamp="20210502 10:05:39.052" level="INFO">${JSON_TEMPLATE} = [':CentOS-8_10FEB2021_Ver2.0:']</msg>
<status status="PASS" starttime="20210502 10:05:39.034" endtime="20210502 10:05:39.052"></status>
</kw>
<kw name="Get Value From Json" library="JSONLibrary">
<doc>Get Value From JSON using JSONPath</doc>
<arguments>
<arg>${json_obj}</arg>
<arg>$.Host_Detail.OS</arg>
</arguments>
<assign>
<var>${JSON_OS}</var>
</assign>
<msg timestamp="20210502 10:05:39.070" level="INFO">${JSON_OS} = [':CentOS 8:']</msg>
<status status="PASS" starttime="20210502 10:05:39.053" endtime="20210502 10:05:39.070"></status>
</kw>
<kw name="Catenate" library="BuiltIn">
<doc>Catenates the given items together and returns the resulted string.</doc>
<arguments>
<arg>${SB_TEMPLATE}</arg>
<arg>${JSON_TEMPLATE[0]}</arg>
<arg>${SYSTEM-OS}</arg>
<arg>${JSON_OS[0]}</arg>
<arg>${TITLE-HOST}</arg>
<arg>${HOSTNAME[0]}</arg>
<arg>${TITLE-IP}</arg>
<arg>${Host_IP_Address[0]}</arg>
</arguments>
<assign>
<var>${DOCUMENT}</var>
</assign>
<msg timestamp="20210502 10:05:39.071" level="INFO">${DOCUMENT} = Security Baseline Template Version :CentOS-8_10FEB2021_Ver2.0: OS :CentOS 8: Hostname DataBase Server1 IP Address 192.168.20.30</msg>
<status status="PASS" starttime="20210502 10:05:39.070" endtime="20210502 10:05:39.071"></status>
</kw>
<kw name="Set Suite Documentation" library="BuiltIn">
<doc>Sets documentation for the current test suite.</doc>
<arguments>
<arg>${DOCUMENT}</arg>
</arguments>
<msg timestamp="20210502 10:05:39.071" level="INFO">Set suite documentation to:
Security Baseline Template Version :CentOS-8_10FEB2021_Ver2.0: OS :CentOS 8: Hostname DataBase Server1 IP Address 192.168.20.30</msg>
<status status="PASS" starttime="20210502 10:05:39.071" endtime="20210502 10:05:39.071"></status>
</kw>
<status status="PASS" starttime="20210502 10:05:38.820" endtime="20210502 10:05:39.072" critical="yes"></status>
</test>
<test id="s1-t2" name="Integrity Proof">
<kw name="Log To Console" library="BuiltIn">
<doc>Logs the given message to the console.</doc>
<arguments>
<arg>${HASH_VALUE_FILE}</arg>
</arguments>
<status status="PASS" starttime="20210502 10:05:39.072" endtime="20210502 10:05:39.072"></status>
</kw>
<kw name="Load JSON From File" library="JSONLibrary">
<doc>Load JSON from file.</doc>
<arguments>
<arg>${HASH_VALUE_FILE}</arg>
</arguments>
<assign>
<var>${hashfile}</var>
</assign>
<msg timestamp="20210502 10:05:39.074" level="INFO">${hashfile} = {'Version': '002 11DEC2020', 'IP-Address': '192.168.20.30', 'user': 'root', 'password': '123456', 'hash_sha-3': '19cce7b2717893e596f5c19973f2c465ac18ddf5cf45c88fc29f591b4b83d98d2fc8137a9b222fc0dd48e4a...</msg>
<status status="PASS" starttime="20210502 10:05:39.072" endtime="20210502 10:05:39.074"></status>
</kw>
<kw name="Get Value From Json" library="JSONLibrary">
<doc>Get Value From JSON using JSONPath</doc>
<arguments>
<arg>${hashfile}</arg>
<arg>$.hash_sha-3</arg>
</arguments>
<assign>
<var>${hashvalue}</var>
</assign>
<msg timestamp="20210502 10:05:39.092" level="INFO">${hashvalue} = ['19cce7b2717893e596f5c19973f2c465ac18ddf5cf45c88fc29f591b4b83d98d2fc8137a9b222fc0dd48e4aeffac893ca79166f9fcdc87118ab795b4412ce97f']</msg>
<status status="PASS" starttime="20210502 10:05:39.074" endtime="20210502 10:05:39.092"></status>
</kw>
<kw name="Log To Console" library="BuiltIn">
<doc>Logs the given message to the console.</doc>
<arguments>
<arg>${hashvalue}</arg>
</arguments>
<status status="PASS" starttime="20210502 10:05:39.092" endtime="20210502 10:05:39.092"></status>
</kw>
<kw name="Join Two Strings" library="!IS2-1-Python-HashFunction">
<arguments>
<arg>${TEMPLATE_FILE}</arg>
<arg>NONE</arg>
</arguments>
<assign>
<var>${result}</var>
</assign>
<msg timestamp="20210502 10:05:39.093" level="INFO">${result} = 19cce7b2717893e596f5c19973f2c465ac18ddf5cf45c88fc29f591b4b83d98d2fc8137a9b222fc0dd48e4aeffac893ca79166f9fcdc87118ab795b4412ce97f</msg>
<status status="PASS" starttime="20210502 10:05:39.092" endtime="20210502 10:05:39.093"></status>
</kw>
<kw name="Log To Console" library="BuiltIn">
<doc>Logs the given message to the console.</doc>
<arguments>
<arg>${result}</arg>
</arguments>
<status status="PASS" starttime="20210502 10:05:39.093" endtime="20210502 10:05:39.094"></status>
</kw>
<kw name="Should Be Equal" library="BuiltIn">
<doc>Fails if the given objects are unequal.</doc>
<arguments>
<arg>${result}</arg>
<arg>${hashvalue[0]}</arg>
</arguments>
<status status="PASS" starttime="20210502 10:05:39.094" endtime="20210502 10:05:39.094"></status>
</kw>
<tags>
<tag>Integrity Proof</tag>
</tags>
<status status="PASS" starttime="20210502 10:05:39.072" endtime="20210502 10:05:39.094" critical="yes"></status>
</test>
<test id="s1-t3" name="BASElINE_1-1-1">
<kw name="Get Value From Json" library="JSONLibrary">
<doc>Get Value From JSON using JSONPath</doc>
<arguments>
<arg>${json_obj}</arg>
<arg>$.BASELINE_1-1-1.TAG</arg>
</arguments>
<assign>
<var>${TAG}</var>
</assign>
<msg timestamp="20210502 10:05:39.113" level="INFO">${TAG} = ['(1-1-1) Ensure mounting of cramfs filesystems is disabled']</msg>
<status status="PASS" starttime="20210502 10:05:39.094" endtime="20210502 10:05:39.113"></status>
</kw>
<kw name="Get Value From Json" library="JSONLibrary">
<doc>Get Value From JSON using JSONPath</doc>
<arguments>
<arg>${json_obj}</arg>
<arg>$.BASELINE_1-1-1.AUDIT</arg>
</arguments>
<assign>
<var>${AUDIT}</var>
</assign>
<msg timestamp="20210502 10:05:39.132" level="INFO">${AUDIT} = ['lsmod | grep cramfs']</msg>
<status status="PASS" starttime="20210502 10:05:39.113" endtime="20210502 10:05:39.132"></status>
</kw>
<kw name="Get Value From Json" library="JSONLibrary">
<doc>Get Value From JSON using JSONPath</doc>
<arguments>
<arg>${json_obj}</arg>
<arg>$.BASELINE_1-1-1.RESULT</arg>
</arguments>
<assign>
<var>${RESULT}</var>
</assign>
<msg timestamp="20210502 10:05:39.151" level="INFO">${RESULT} = ['']</msg>
<status status="PASS" starttime="20210502 10:05:39.132" endtime="20210502 10:05:39.151"></status>
</kw>
<kw name="Set Tags" library="BuiltIn">
<doc>Adds given ``tags`` for the current test or all tests in a suite.</doc>
<arguments>
<arg>${TAG[0]}</arg>
</arguments>
<msg timestamp="20210502 10:05:39.152" level="INFO">Set tag '(1-1-1) Ensure mounting of cramfs filesystems is disabled'.</msg>
<status status="PASS" starttime="20210502 10:05:39.151" endtime="20210502 10:05:39.152"></status>
</kw>
<kw name="Execute Command" library="SSHLibrary">
<doc>Executes ``command`` on the remote machine and returns its outputs.</doc>
<arguments>
<arg>${AUDIT[0]}</arg>
</arguments>
<assign>
<var>${output}</var>
</assign>
<msg timestamp="20210502 10:05:39.152" level="INFO">Executing command 'lsmod | grep cramfs'.</msg>
<msg timestamp="20210502 10:05:39.176" level="INFO">Command exited with return code 1.</msg>
<msg timestamp="20210502 10:05:39.176" level="INFO">${output} = </msg>
<status status="PASS" starttime="20210502 10:05:39.152" endtime="20210502 10:05:39.176"></status>
</kw>
<kw name="Should Be Equal" library="BuiltIn">
<doc>Fails if the given objects are unequal.</doc>
<arguments>
<arg>${output}</arg>
<arg>${RESULT[0]}</arg>
</arguments>
<status status="PASS" starttime="20210502 10:05:39.176" endtime="20210502 10:05:39.176"></status>
</kw>
<tags>
<tag>(1-1-1) Ensure mounting of cramfs filesystems is disabled</tag>
</tags>
<status status="PASS" starttime="20210502 10:05:39.094" endtime="20210502 10:05:39.176" critical="yes"></status>
</test>
<test id="s1-t4" name="BASElINE_1-1-2">
<kw name="Get Value From Json" library="JSONLibrary">
<doc>Get Value From JSON using JSONPath</doc>
<arguments>
<arg>${json_obj}</arg>
<arg>$.BASELINE_1-1-2.TAG</arg>
</arguments>
<assign>
<var>${TAG}</var>
</assign>
<msg timestamp="20210502 10:05:39.195" level="INFO">${TAG} = ['(1-1-2) Ensure mounting of squashfs filesystems is disabled']</msg>
<status status="PASS" starttime="20210502 10:05:39.177" endtime="20210502 10:05:39.195"></status>
</kw>
<kw name="Get Value From Json" library="JSONLibrary">
<doc>Get Value From JSON using JSONPath</doc>
<arguments>
<arg>${json_obj}</arg>
<arg>$.BASELINE_1-1-2.AUDIT</arg>
</arguments>
<assign>
<var>${AUDIT}</var>
</assign>
<msg timestamp="20210502 10:05:39.215" level="INFO">${AUDIT} = ['lsmod | grep squashfs']</msg>
<status status="PASS" starttime="20210502 10:05:39.195" endtime="20210502 10:05:39.215"></status>
</kw>
<kw name="Get Value From Json" library="JSONLibrary">
<doc>Get Value From JSON using JSONPath</doc>
<arguments>
<arg>${json_obj}</arg>
<arg>$.BASELINE_1-1-2.RESULT</arg>
</arguments>
<assign>
<var>${RESULT}</var>
</assign>
<msg timestamp="20210502 10:05:39.234" level="INFO">${RESULT} = ['']</msg>
<status status="PASS" starttime="20210502 10:05:39.215" endtime="20210502 10:05:39.234"></status>
</kw>
<kw name="Set Tags" library="BuiltIn">
<doc>Adds given ``tags`` for the current test or all tests in a suite.</doc>
<arguments>
<arg>${TAG[0]}</arg>
</arguments>
<msg timestamp="20210502 10:05:39.234" level="INFO">Set tag '(1-1-2) Ensure mounting of squashfs filesystems is disabled'.</msg>
<status status="PASS" starttime="20210502 10:05:39.234" endtime="20210502 10:05:39.234"></status>
</kw>
<kw name="Execute Command" library="SSHLibrary">
<doc>Executes ``command`` on the remote machine and returns its outputs.</doc>
<arguments>
<arg>${AUDIT[0]}</arg>
</arguments>
<assign>
<var>${output}</var>
</assign>
<msg timestamp="20210502 10:05:39.235" level="INFO">Executing command 'lsmod | grep squashfs'.</msg>
<msg timestamp="20210502 10:05:39.259" level="INFO">Command exited with return code 1.</msg>
<msg timestamp="20210502 10:05:39.259" level="INFO">${output} = </msg>
<status status="PASS" starttime="20210502 10:05:39.234" endtime="20210502 10:05:39.259"></status>
</kw>
<kw name="Should Be Equal" library="BuiltIn">
<doc>Fails if the given objects are unequal.</doc>
<arguments>
<arg>${output}</arg>
<arg>${RESULT[0]}</arg>
</arguments>
<status status="PASS" starttime="20210502 10:05:39.259" endtime="20210502 10:05:39.260"></status>
</kw>
<tags>
<tag>(1-1-2) Ensure mounting of squashfs filesystems is disabled</tag>
</tags>
<status status="PASS" starttime="20210502 10:05:39.177" endtime="20210502 10:05:39.260" critical="yes"></status>
</test>
<test id="s1-t5" name="BASElINE_1-1-3">
<kw name="Get Value From Json" library="JSONLibrary">
<doc>Get Value From JSON using JSONPath</doc>
<arguments>
<arg>${json_obj}</arg>
<arg>$.BASELINE_1-1-3.TAG</arg>
</arguments>
<assign>
<var>${TAG}</var>
</assign>
<msg timestamp="20210502 10:05:39.279" level="INFO">${TAG} = ['(1-1-3) Ensure mounting of udf filesystems is disabled']</msg>
<status status="PASS" starttime="20210502 10:05:39.261" endtime="20210502 10:05:39.279"></status>
</kw>
<kw name="Get Value From Json" library="JSONLibrary">
<doc>Get Value From JSON using JSONPath</doc>
<arguments>
<arg>${json_obj}</arg>
<arg>$.BASELINE_1-1-3.AUDIT</arg>
</arguments>
<assign>
<var>${AUDIT}</var>
</assign>
<msg timestamp="20210502 10:05:39.297" level="INFO">${AUDIT} = ['lsmod | grep udf']</msg>
<status status="PASS" starttime="20210502 10:05:39.279" endtime="20210502 10:05:39.297"></status>
</kw>
<kw name="Get Value From Json" library="JSONLibrary">
<doc>Get Value From JSON using JSONPath</doc>
<arguments>
<arg>${json_obj}</arg>
<arg>$.BASELINE_1-1-3.RESULT</arg>
</arguments>
<assign>
<var>${RESULT}</var>
</assign>
<msg timestamp="20210502 10:05:39.316" level="INFO">${RESULT} = ['']</msg>
<status status="PASS" starttime="20210502 10:05:39.297" endtime="20210502 10:05:39.317"></status>
</kw>
<kw name="Set Tags" library="BuiltIn">
<doc>Adds given ``tags`` for the current test or all tests in a suite.</doc>
<arguments>
<arg>${TAG[0]}</arg>
</arguments>
<msg timestamp="20210502 10:05:39.317" level="INFO">Set tag '(1-1-3) Ensure mounting of udf filesystems is disabled'.</msg>
<status status="PASS" starttime="20210502 10:05:39.317" endtime="20210502 10:05:39.317"></status>
</kw>
<kw name="Execute Command" library="SSHLibrary">
<doc>Executes ``command`` on the remote machine and returns its outputs.</doc>
<arguments>
<arg>${AUDIT[0]}</arg>
</arguments>
<assign>
<var>${output}</var>
</assign>
<msg timestamp="20210502 10:05:39.318" level="INFO">Executing command 'lsmod | grep udf'.</msg>
<msg timestamp="20210502 10:05:39.342" level="INFO">Command exited with return code 1.</msg>
<msg timestamp="20210502 10:05:39.342" level="INFO">${output} = </msg>
<status status="PASS" starttime="20210502 10:05:39.317" endtime="20210502 10:05:39.342"></status>
</kw>
<kw name="Should Be Equal" library="BuiltIn">
<doc>Fails if the given objects are unequal.</doc>
<arguments>
<arg>${output}</arg>
<arg>${RESULT[0]}</arg>
</arguments>
<status status="PASS" starttime="20210502 10:05:39.342" endtime="20210502 10:05:39.342"></status>
</kw>
<tags>
<tag>(1-1-3) Ensure mounting of udf filesystems is disabled</tag>
</tags>
<status status="PASS" starttime="20210502 10:05:39.260" endtime="20210502 10:05:39.343" critical="yes"></status>
</test>
<test id="s1-t6" name="BASElINE_1-1-4">
<kw name="Get Value From Json" library="JSONLibrary">
<doc>Get Value From JSON using JSONPath</doc>
<arguments>
<arg>${json_obj}</arg>
<arg>$.BASELINE_1-1-4.TAG</arg>
</arguments>
<assign>
<var>${TAG}</var>
</assign>
<msg timestamp="20210502 10:05:39.362" level="INFO">${TAG} = ['(1-1-4) Ensure nodev option set on /tmp partition']</msg>
<status status="PASS" starttime="20210502 10:05:39.343" endtime="20210502 10:05:39.362"></status>
</kw>
<kw name="Get Value From Json" library="JSONLibrary">
<doc>Get Value From JSON using JSONPath</doc>
<arguments>
<arg>${json_obj}</arg>
<arg>$.BASELINE_1-1-4.AUDIT</arg>
</arguments>
<assign>
<var>${AUDIT}</var>
</assign>
<msg timestamp="20210502 10:05:39.381" level="INFO">${AUDIT} = ["mount | grep -E '\\s/tmp\\s' | grep -v nodev"]</msg>
<status status="PASS" starttime="20210502 10:05:39.362" endtime="20210502 10:05:39.381"></status>
</kw>
<kw name="Get Value From Json" library="JSONLibrary">
<doc>Get Value From JSON using JSONPath</doc>
<arguments>
<arg>${json_obj}</arg>
<arg>$.BASELINE_1-1-4.RESULT</arg>
</arguments>
<assign>
<var>${RESULT}</var>
</assign>
<msg timestamp="20210502 10:05:39.399" level="INFO">${RESULT} = ['']</msg>
<status status="PASS" starttime="20210502 10:05:39.381" endtime="20210502 10:05:39.399"></status>
</kw>
<kw name="Set Tags" library="BuiltIn">
<doc>Adds given ``tags`` for the current test or all tests in a suite.</doc>
<arguments>
<arg>${TAG[0]}</arg>
</arguments>
<msg timestamp="20210502 10:05:39.400" level="INFO">Set tag '(1-1-4) Ensure nodev option set on /tmp partition'.</msg>
<status status="PASS" starttime="20210502 10:05:39.399" endtime="20210502 10:05:39.400"></status>
</kw>
<kw name="Execute Command" library="SSHLibrary">
<doc>Executes ``command`` on the remote machine and returns its outputs.</doc>
<arguments>
<arg>${AUDIT[0]}</arg>
</arguments>
<assign>
<var>${output}</var>
</assign>
<msg timestamp="20210502 10:05:39.400" level="INFO">Executing command 'mount | grep -E '\s/tmp\s' | grep -v nodev'.</msg>
<msg timestamp="20210502 10:05:39.425" level="INFO">Command exited with return code 1.</msg>
<msg timestamp="20210502 10:05:39.425" level="INFO">${output} = </msg>
<status status="PASS" starttime="20210502 10:05:39.400" endtime="20210502 10:05:39.425"></status>
</kw>
<kw name="Should Be Equal" library="BuiltIn">
<doc>Fails if the given objects are unequal.</doc>
<arguments>
<arg>${output}</arg>
<arg>${RESULT[0]}</arg>
</arguments>
<status status="PASS" starttime="20210502 10:05:39.425" endtime="20210502 10:05:39.426"></status>
</kw>
<tags>
<tag>(1-1-4) Ensure nodev option set on /tmp partition</tag>
</tags>
<status status="PASS" starttime="20210502 10:05:39.343" endtime="20210502 10:05:39.426" critical="yes"></status>
</test>
<test id="s1-t7" name="BASElINE_1-1-5">
<kw name="Get Value From Json" library="JSONLibrary">
<doc>Get Value From JSON using JSONPath</doc>
<arguments>
<arg>${json_obj}</arg>
<arg>$.BASELINE_1-1-5.TAG</arg>
</arguments>
<assign>
<var>${TAG}</var>
</assign>
<msg timestamp="20210502 10:05:39.445" level="INFO">${TAG} = ['(1-1-5) Ensure nosuid option set on /tmp partition']</msg>
<status status="PASS" starttime="20210502 10:05:39.426" endtime="20210502 10:05:39.445"></status>
</kw>
<kw name="Get Value From Json" library="JSONLibrary">
<doc>Get Value From JSON using JSONPath</doc>
<arguments>
<arg>${json_obj}</arg>
<arg>$.BASELINE_1-1-5.AUDIT</arg>
</arguments>
<assign>
<var>${AUDIT}</var>
</assign>
<msg timestamp="20210502 10:05:39.464" level="INFO">${AUDIT} = ["mount | grep -E '\\s/tmp\\s' | grep -v nosuid"]</msg>
<status status="PASS" starttime="20210502 10:05:39.445" endtime="20210502 10:05:39.464"></status>
</kw>
<kw name="Get Value From Json" library="JSONLibrary">
<doc>Get Value From JSON using JSONPath</doc>
<arguments>
<arg>${json_obj}</arg>
<arg>$.BASELINE_1-1-5.RESULT</arg>
</arguments>
<assign>
<var>${RESULT}</var>
</assign>
<msg timestamp="20210502 10:05:39.482" level="INFO">${RESULT} = ['']</msg>
<status status="PASS" starttime="20210502 10:05:39.464" endtime="20210502 10:05:39.482"></status>
</kw>
<kw name="Set Tags" library="BuiltIn">
<doc>Adds given ``tags`` for the current test or all tests in a suite.</doc>
<arguments>
<arg>${TAG[0]}</arg>
</arguments>
<msg timestamp="20210502 10:05:39.483" level="INFO">Set tag '(1-1-5) Ensure nosuid option set on /tmp partition'.</msg>
<status status="PASS" starttime="20210502 10:05:39.482" endtime="20210502 10:05:39.483"></status>
</kw>
<kw name="Execute Command" library="SSHLibrary">
<doc>Executes ``command`` on the remote machine and returns its outputs.</doc>
<arguments>
<arg>${AUDIT[0]}</arg>
</arguments>
<assign>
<var>${output}</var>
</assign>
<msg timestamp="20210502 10:05:39.483" level="INFO">Executing command 'mount | grep -E '\s/tmp\s' | grep -v nosuid'.</msg>
<msg timestamp="20210502 10:05:39.507" level="INFO">Command exited with return code 1.</msg>
<msg timestamp="20210502 10:05:39.507" level="INFO">${output} = </msg>
<status status="PASS" starttime="20210502 10:05:39.483" endtime="20210502 10:05:39.507"></status>
</kw>
<kw name="Should Be Equal" library="BuiltIn">
<doc>Fails if the given objects are unequal.</doc>
<arguments>
<arg>${output}</arg>
<arg>${RESULT[0]}</arg>
</arguments>
<status status="PASS" starttime="20210502 10:05:39.507" endtime="20210502 10:05:39.508"></status>
</kw>
<tags>
<tag>(1-1-5) Ensure nosuid option set on /tmp partition</tag>
</tags>
<status status="PASS" starttime="20210502 10:05:39.426" endtime="20210502 10:05:39.508" critical="yes"></status>
</test>
<test id="s1-t8" name="BASElINE_1-1-6">
<kw name="Get Value From Json" library="JSONLibrary">
<doc>Get Value From JSON using JSONPath</doc>
<arguments>
<arg>${json_obj}</arg>
<arg>$.BASELINE_1-1-6.TAG</arg>
</arguments>
<assign>
<var>${TAG}</var>
</assign>
<msg timestamp="20210502 10:05:39.528" level="INFO">${TAG} = ['(1-1-6) Ensure noexec option set on /tmp partition']</msg>
<status status="PASS" starttime="20210502 10:05:39.509" endtime="20210502 10:05:39.528"></status>
</kw>
<kw name="Get Value From Json" library="JSONLibrary">
<doc>Get Value From JSON using JSONPath</doc>
<arguments>
<arg>${json_obj}</arg>
<arg>$.BASELINE_1-1-6.AUDIT</arg>
</arguments>
<assign>
<var>${AUDIT}</var>
</assign>
<msg timestamp="20210502 10:05:39.547" level="INFO">${AUDIT} = ["mount | grep -E '\\s/tmp\\s' | grep -v noexec"]</msg>
<status status="PASS" starttime="20210502 10:05:39.528" endtime="20210502 10:05:39.547"></status>
</kw>
<kw name="Get Value From Json" library="JSONLibrary">
<doc>Get Value From JSON using JSONPath</doc>
<arguments>
<arg>${json_obj}</arg>
<arg>$.BASELINE_1-1-6.RESULT</arg>
</arguments>
<assign>
<var>${RESULT}</var>
</assign>
<msg timestamp="20210502 10:05:39.566" level="INFO">${RESULT} = ['']</msg>
<status status="PASS" starttime="20210502 10:05:39.547" endtime="20210502 10:05:39.566"></status>
</kw>
<kw name="Set Tags" library="BuiltIn">
<doc>Adds given ``tags`` for the current test or all tests in a suite.</doc>
<arguments>
<arg>${TAG[0]}</arg>
</arguments>
<msg timestamp="20210502 10:05:39.566" level="INFO">Set tag '(1-1-6) Ensure noexec option set on /tmp partition'.</msg>
<status status="PASS" starttime="20210502 10:05:39.566" endtime="20210502 10:05:39.566"></status>
</kw>
<kw name="Execute Command" library="SSHLibrary">
<doc>Executes ``command`` on the remote machine and returns its outputs.</doc>
<arguments>
<arg>${AUDIT[0]}</arg>
</arguments>
<assign>
<var>${output}</var>
</assign>
<msg timestamp="20210502 10:05:39.566" level="INFO">Executing command 'mount | grep -E '\s/tmp\s' | grep -v noexec'.</msg>
<msg timestamp="20210502 10:05:39.591" level="INFO">Command exited with return code 1.</msg>
<msg timestamp="20210502 10:05:39.591" level="INFO">${output} = </msg>
<status status="PASS" starttime="20210502 10:05:39.566" endtime="20210502 10:05:39.591"></status>
</kw>
<kw name="Should Be Equal" library="BuiltIn">
<doc>Fails if the given objects are unequal.</doc>
<arguments>
<arg>${output}</arg>
<arg>${RESULT[0]}</arg>
</arguments>
<status status="PASS" starttime="20210502 10:05:39.591" endtime="20210502 10:05:39.592"></status>
</kw>
<tags>
<tag>(1-1-6) Ensure noexec option set on /tmp partition</tag>
</tags>
<status status="PASS" starttime="20210502 10:05:39.508" endtime="20210502 10:05:39.592" critical="yes"></status>
</test>
<test id="s1-t9" name="BASElINE_1-1-7">
<kw name="Get Value From Json" library="JSONLibrary">
<doc>Get Value From JSON using JSONPath</doc>
<arguments>
<arg>${json_obj}</arg>
<arg>$.BASELINE_1-1-7.TAG</arg>
</arguments>
<assign>
<var>${TAG}</var>
</assign>
<msg timestamp="20210502 10:05:39.625" level="INFO">${TAG} = ['(1-1-7) Ensure nodev option set on /var/tmp partition']</msg>
<status status="PASS" starttime="20210502 10:05:39.592" endtime="20210502 10:05:39.625"></status>
</kw>
<kw name="Get Value From Json" library="JSONLibrary">
<doc>Get Value From JSON using JSONPath</doc>
<arguments>
<arg>${json_obj}</arg>
<arg>$.BASELINE_1-1-7.AUDIT</arg>
</arguments>
<assign>
<var>${AUDIT}</var>
</assign>
<msg timestamp="20210502 10:05:39.651" level="INFO">${AUDIT} = ["mount | grep -E '\\s/var/tmp\\s' | grep -v nodev"]</msg>
<status status="PASS" starttime="20210502 10:05:39.625" endtime="20210502 10:05:39.651"></status>
</kw>
<kw name="Get Value From Json" library="JSONLibrary">
<doc>Get Value From JSON using JSONPath</doc>
<arguments>
<arg>${json_obj}</arg>
<arg>$.BASELINE_1-1-7.RESULT</arg>
</arguments>
<assign>
<var>${RESULT}</var>
</assign>
<msg timestamp="20210502 10:05:39.671" level="INFO">${RESULT} = ['']</msg>
<status status="PASS" starttime="20210502 10:05:39.651" endtime="20210502 10:05:39.671"></status>
</kw>
<kw name="Set Tags" library="BuiltIn">
<doc>Adds given ``tags`` for the current test or all tests in a suite.</doc>
<arguments>
<arg>${TAG[0]}</arg>
</arguments>
<msg timestamp="20210502 10:05:39.672" level="INFO">Set tag '(1-1-7) Ensure nodev option set on /var/tmp partition'.</msg>
<status status="PASS" starttime="20210502 10:05:39.672" endtime="20210502 10:05:39.672"></status>
</kw>
<kw name="Execute Command" library="SSHLibrary">
<doc>Executes ``command`` on the remote machine and returns its outputs.</doc>
<arguments>
<arg>${AUDIT[0]}</arg>
</arguments>
<assign>
<var>${output}</var>
</assign>
<msg timestamp="20210502 10:05:39.672" level="INFO">Executing command 'mount | grep -E '\s/var/tmp\s' | grep -v nodev'.</msg>
<msg timestamp="20210502 10:05:39.696" level="INFO">Command exited with return code 1.</msg>
<msg timestamp="20210502 10:05:39.696" level="INFO">${output} = </msg>
<status status="PASS" starttime="20210502 10:05:39.672" endtime="20210502 10:05:39.696"></status>
</kw>
<kw name="Should Be Equal" library="BuiltIn">
<doc>Fails if the given objects are unequal.</doc>
<arguments>
<arg>${output}</arg>
<arg>${RESULT[0]}</arg>
</arguments>
<status status="PASS" starttime="20210502 10:05:39.697" endtime="20210502 10:05:39.697"></status>
</kw>
<tags>
<tag>(1-1-7) Ensure nodev option set on /var/tmp partition</tag>
</tags>
<status status="PASS" starttime="20210502 10:05:39.592" endtime="20210502 10:05:39.697" critical="yes"></status>
</test>
<test id="s1-t10" name="BASElINE_1-1-8">
<kw name="Get Value From Json" library="JSONLibrary">
<doc>Get Value From JSON using JSONPath</doc>
<arguments>
<arg>${json_obj}</arg>
<arg>$.BASELINE_1-1-8.TAG</arg>
</arguments>
<assign>
<var>${TAG}</var>
</assign>
<msg timestamp="20210502 10:05:39.715" level="INFO">${TAG} = ['(1-1-8) Ensure nosuid option set on /var/tmp partition']</msg>
<status status="PASS" starttime="20210502 10:05:39.697" endtime="20210502 10:05:39.715"></status>
</kw>
<kw name="Get Value From Json" library="JSONLibrary">
<doc>Get Value From JSON using JSONPath</doc>
<arguments>
<arg>${json_obj}</arg>
<arg>$.BASELINE_1-1-8.AUDIT</arg>
</arguments>
<assign>
<var>${AUDIT}</var>
</assign>
<msg timestamp="20210502 10:05:39.734" level="INFO">${AUDIT} = ["mount | grep -E '\\s/var/tmp\\s' | grep -v nosuid"]</msg>
<status status="PASS" starttime="20210502 10:05:39.715" endtime="20210502 10:05:39.734"></status>
</kw>
<kw name="Get Value From Json" library="JSONLibrary">
<doc>Get Value From JSON using JSONPath</doc>
<arguments>
<arg>${json_obj}</arg>
<arg>$.BASELINE_1-1-8.RESULT</arg>
</arguments>
<assign>
<var>${RESULT}</var>
</assign>
<msg timestamp="20210502 10:05:39.754" level="INFO">${RESULT} = ['']</msg>
<status status="PASS" starttime="20210502 10:05:39.734" endtime="20210502 10:05:39.754"></status>
</kw>
<kw name="Set Tags" library="BuiltIn">
<doc>Adds given ``tags`` for the current test or all tests in a suite.</doc>
<arguments>
<arg>${TAG[0]}</arg>
</arguments>
<msg timestamp="20210502 10:05:39.754" level="INFO">Set tag '(1-1-8) Ensure nosuid option set on /var/tmp partition'.</msg>
<status status="PASS" starttime="20210502 10:05:39.754" endtime="20210502 10:05:39.754"></status>
</kw>
<kw name="Execute Command" library="SSHLibrary">
<doc>Executes ``command`` on the remote machine and returns its outputs.</doc>
<arguments>
<arg>${AUDIT[0]}</arg>
</arguments>
<assign>
<var>${output}</var>
</assign>
<msg timestamp="20210502 10:05:39.754" level="INFO">Executing command 'mount | grep -E '\s/var/tmp\s' | grep -v nosuid'.</msg>
<msg timestamp="20210502 10:05:39.778" level="INFO">Command exited with return code 1.</msg>
<msg timestamp="20210502 10:05:39.778" level="INFO">${output} = </msg>
<status status="PASS" starttime="20210502 10:05:39.754" endtime="20210502 10:05:39.778"></status>
</kw>
<kw name="Should Be Equal" library="BuiltIn">
<doc>Fails if the given objects are unequal.</doc>
<arguments>
<arg>${output}</arg>
<arg>${RESULT[0]}</arg>
</arguments>
<status status="PASS" starttime="20210502 10:05:39.778" endtime="20210502 10:05:39.779"></status>
</kw>
<tags>
<tag>(1-1-8) Ensure nosuid option set on /var/tmp partition</tag>
</tags>
<status status="PASS" starttime="20210502 10:05:39.697" endtime="20210502 10:05:39.779" critical="yes"></status>
</test>
<test id="s1-t11" name="BASElINE_1-1-9">
<kw name="Get Value From Json" library="JSONLibrary">
<doc>Get Value From JSON using JSONPath</doc>
<arguments>
<arg>${json_obj}</arg>
<arg>$.BASELINE_1-1-9.TAG</arg>
</arguments>
<assign>
<var>${TAG}</var>
</assign>
<msg timestamp="20210502 10:05:39.797" level="INFO">${TAG} = ['(1-1-9) Ensure noexec option set on /var/tmp partition']</msg>
<status status="PASS" starttime="20210502 10:05:39.779" endtime="20210502 10:05:39.797"></status>
</kw>
<kw name="Get Value From Json" library="JSONLibrary">
<doc>Get Value From JSON using JSONPath</doc>
<arguments>
<arg>${json_obj}</arg>
<arg>$.BASELINE_1-1-9.AUDIT</arg>
</arguments>
<assign>
<var>${AUDIT}</var>
</assign>
<msg timestamp="20210502 10:05:39.817" level="INFO">${AUDIT} = ["mount | grep -E '\\s/var/tmp\\s' | grep -v noexec"]</msg>
<status status="PASS" starttime="20210502 10:05:39.797" endtime="20210502 10:05:39.817"></status>
</kw>
<kw name="Get Value From Json" library="JSONLibrary">
<doc>Get Value From JSON using JSONPath</doc>
<arguments>
<arg>${json_obj}</arg>
<arg>$.BASELINE_1-1-9.RESULT</arg>
</arguments>
<assign>
<var>${RESULT}</var>
</assign>
<msg timestamp="20210502 10:05:39.836" level="INFO">${RESULT} = ['']</msg>
<status status="PASS" starttime="20210502 10:05:39.817" endtime="20210502 10:05:39.836"></status>
</kw>
<kw name="Set Tags" library="BuiltIn">
<doc>Adds given ``tags`` for the current test or all tests in a suite.</doc>
<arguments>
<arg>${TAG[0]}</arg>
</arguments>
<msg timestamp="20210502 10:05:39.836" level="INFO">Set tag '(1-1-9) Ensure noexec option set on /var/tmp partition'.</msg>
<status status="PASS" starttime="20210502 10:05:39.836" endtime="20210502 10:05:39.837"></status>
</kw>
<kw name="Execute Command" library="SSHLibrary">
<doc>Executes ``command`` on the remote machine and returns its outputs.</doc>
<arguments>
<arg>${AUDIT[0]}</arg>
</arguments>
<assign>
<var>${output}</var>
</assign>
<msg timestamp="20210502 10:05:39.837" level="INFO">Executing command 'mount | grep -E '\s/var/tmp\s' | grep -v noexec'.</msg>
<msg timestamp="20210502 10:05:39.861" level="INFO">Command exited with return code 1.</msg>
<msg timestamp="20210502 10:05:39.861" level="INFO">${output} = </msg>
<status status="PASS" starttime="20210502 10:05:39.837" endtime="20210502 10:05:39.861"></status>
</kw>
<kw name="Should Be Equal" library="BuiltIn">
<doc>Fails if the given objects are unequal.</doc>
<arguments>
<arg>${output}</arg>
<arg>${RESULT[0]}</arg>
</arguments>
<status status="PASS" starttime="20210502 10:05:39.861" endtime="20210502 10:05:39.862"></status>
</kw>
<tags>
<tag>(1-1-9) Ensure noexec option set on /var/tmp partition</tag>
</tags>
<status status="PASS" starttime="20210502 10:05:39.779" endtime="20210502 10:05:39.862" critical="yes"></status>
</test>
<test id="s1-t12" name="BASElINE_1-1-10">
<kw name="Get Value From Json" library="JSONLibrary">
<doc>Get Value From JSON using JSONPath</doc>
<arguments>
<arg>${json_obj}</arg>
<arg>$.BASELINE_1-1-10.TAG</arg>
</arguments>
<assign>
<var>${TAG}</var>
</assign>
<msg timestamp="20210502 10:05:39.881" level="INFO">${TAG} = ['1-1-10 Ensure nodev option set on /home partition']</msg>
<status status="PASS" starttime="20210502 10:05:39.863" endtime="20210502 10:05:39.881"></status>
</kw>
<kw name="Get Value From Json" library="JSONLibrary">
<doc>Get Value From JSON using JSONPath</doc>
<arguments>
<arg>${json_obj}</arg>
<arg>$.BASELINE_1-1-10.AUDIT</arg>
</arguments>
<assign>
<var>${AUDIT}</var>
</assign>
<msg timestamp="20210502 10:05:39.899" level="INFO">${AUDIT} = ["mount | grep -E '\\s/home\\s' | grep -v nodev"]</msg>
<status status="PASS" starttime="20210502 10:05:39.881" endtime="20210502 10:05:39.899"></status>
</kw>
<kw name="Get Value From Json" library="JSONLibrary">
<doc>Get Value From JSON using JSONPath</doc>
<arguments>
<arg>${json_obj}</arg>
<arg>$.BASELINE_1-1-10.RESULT</arg>
</arguments>
<assign>
<var>${RESULT}</var>
</assign>
<msg timestamp="20210502 10:05:39.920" level="INFO">${RESULT} = ['']</msg>
<status status="PASS" starttime="20210502 10:05:39.899" endtime="20210502 10:05:39.920"></status>
</kw>
<kw name="Set Tags" library="BuiltIn">
<doc>Adds given ``tags`` for the current test or all tests in a suite.</doc>
<arguments>
<arg>${TAG[0]}</arg>
</arguments>
<msg timestamp="20210502 10:05:39.921" level="INFO">Set tag '1-1-10 Ensure nodev option set on /home partition'.</msg>
<status status="PASS" starttime="20210502 10:05:39.920" endtime="20210502 10:05:39.921"></status>
</kw>
<kw name="Execute Command" library="SSHLibrary">
<doc>Executes ``command`` on the remote machine and returns its outputs.</doc>
<arguments>
<arg>${AUDIT[0]}</arg>
</arguments>
<assign>
<var>${output}</var>
</assign>
<msg timestamp="20210502 10:05:39.921" level="INFO">Executing command 'mount | grep -E '\s/home\s' | grep -v nodev'.</msg>
<msg timestamp="20210502 10:05:39.945" level="INFO">Command exited with return code 1.</msg>
<msg timestamp="20210502 10:05:39.945" level="INFO">${output} = </msg>
<status status="PASS" starttime="20210502 10:05:39.921" endtime="20210502 10:05:39.945"></status>
</kw>
<kw name="Should Be Equal" library="BuiltIn">
<doc>Fails if the given objects are unequal.</doc>
<arguments>
<arg>${output}</arg>
<arg>${RESULT[0]}</arg>
</arguments>
<status status="PASS" starttime="20210502 10:05:39.945" endtime="20210502 10:05:39.945"></status>
</kw>
<tags>
<tag>1-1-10 Ensure nodev option set on /home partition</tag>
</tags>
<status status="PASS" starttime="20210502 10:05:39.863" endtime="20210502 10:05:39.945" critical="yes"></status>
</test>
<test id="s1-t13" name="BASElINE_1-1-11">
<kw name="Get Value From Json" library="JSONLibrary">
<doc>Get Value From JSON using JSONPath</doc>
<arguments>
<arg>${json_obj}</arg>
<arg>$.BASELINE_1-1-11.TAG</arg>
</arguments>
<assign>
<var>${TAG}</var>
</assign>
<msg timestamp="20210502 10:05:39.964" level="INFO">${TAG} = ['1-1-11 Ensure nodev option set on /dev/shm partition']</msg>
<status status="PASS" starttime="20210502 10:05:39.946" endtime="20210502 10:05:39.964"></status>
</kw>
<kw name="Get Value From Json" library="JSONLibrary">
<doc>Get Value From JSON using JSONPath</doc>
<arguments>
<arg>${json_obj}</arg>
<arg>$.BASELINE_1-1-11.AUDIT</arg>
</arguments>
<assign>
<var>${AUDIT}</var>
</assign>
<msg timestamp="20210502 10:05:39.983" level="INFO">${AUDIT} = ["mount | grep -E '\\s/dev/shm\\s' | grep -v nodev"]</msg>
<status status="PASS" starttime="20210502 10:05:39.964" endtime="20210502 10:05:39.983"></status>
</kw>
<kw name="Get Value From Json" library="JSONLibrary">
<doc>Get Value From JSON using JSONPath</doc>
<arguments>
<arg>${json_obj}</arg>
<arg>$.BASELINE_1-1-11.RESULT</arg>
</arguments>
<assign>
<var>${RESULT}</var>
</assign>
<msg timestamp="20210502 10:05:40.002" level="INFO">${RESULT} = ['']</msg>
<status status="PASS" starttime="20210502 10:05:39.984" endtime="20210502 10:05:40.002"></status>
</kw>
<kw name="Set Tags" library="BuiltIn">
<doc>Adds given ``tags`` for the current test or all tests in a suite.</doc>
<arguments>
<arg>${TAG[0]}</arg>
</arguments>
<msg timestamp="20210502 10:05:40.002" level="INFO">Set tag '1-1-11 Ensure nodev option set on /dev/shm partition'.</msg>
<status status="PASS" starttime="20210502 10:05:40.002" endtime="20210502 10:05:40.002"></status>
</kw>
<kw name="Execute Command" library="SSHLibrary">
<doc>Executes ``command`` on the remote machine and returns its outputs.</doc>
<arguments>
<arg>${AUDIT[0]}</arg>
</arguments>
<assign>
<var>${output}</var>
</assign>
<msg timestamp="20210502 10:05:40.002" level="INFO">Executing command 'mount | grep -E '\s/dev/shm\s' | grep -v nodev'.</msg>
<msg timestamp="20210502 10:05:40.026" level="INFO">Command exited with return code 1.</msg>
<msg timestamp="20210502 10:05:40.026" level="INFO">${output} = </msg>
<status status="PASS" starttime="20210502 10:05:40.002" endtime="20210502 10:05:40.026"></status>
</kw>
<kw name="Should Be Equal" library="BuiltIn">
<doc>Fails if the given objects are unequal.</doc>
<arguments>
<arg>${output}</arg>
<arg>${RESULT[0]}</arg>
</arguments>
<status status="PASS" starttime="20210502 10:05:40.026" endtime="20210502 10:05:40.027"></status>
</kw>
<tags>
<tag>1-1-11 Ensure nodev option set on /dev/shm partition</tag>
</tags>
<status status="PASS" starttime="20210502 10:05:39.946" endtime="20210502 10:05:40.027" critical="yes"></status>
</test>
<test id="s1-t14" name="BASElINE_1-1-12">
<kw name="Get Value From Json" library="JSONLibrary">
<doc>Get Value From JSON using JSONPath</doc>
<arguments>
<arg>${json_obj}</arg>
<arg>$.BASELINE_1-1-12.TAG</arg>
</arguments>
<assign>
<var>${TAG}</var>
</assign>
<msg timestamp="20210502 10:05:40.046" level="INFO">${TAG} = ['1-1-12 Ensure nosuid option set on /dev/shm partition']</msg>
<status status="PASS" starttime="20210502 10:05:40.027" endtime="20210502 10:05:40.046"></status>
</kw>
<kw name="Get Value From Json" library="JSONLibrary">
<doc>Get Value From JSON using JSONPath</doc>
<arguments>
<arg>${json_obj}</arg>
<arg>$.BASELINE_1-1-12.AUDIT</arg>
</arguments>
<assign>
<var>${AUDIT}</var>
</assign>
<msg timestamp="20210502 10:05:40.064" level="INFO">${AUDIT} = ["mount | grep -E '\\s/dev/shm\\s' | grep -v nosuid"]</msg>
<status status="PASS" starttime="20210502 10:05:40.047" endtime="20210502 10:05:40.064"></status>
</kw>
<kw name="Get Value From Json" library="JSONLibrary">
<doc>Get Value From JSON using JSONPath</doc>
<arguments>
<arg>${json_obj}</arg>
<arg>$.BASELINE_1-1-12.RESULT</arg>
</arguments>
<assign>
<var>${RESULT}</var>
</assign>
<msg timestamp="20210502 10:05:40.084" level="INFO">${RESULT} = ['']</msg>
<status status="PASS" starttime="20210502 10:05:40.064" endtime="20210502 10:05:40.084"></status>
</kw>
<kw name="Set Tags" library="BuiltIn">
<doc>Adds given ``tags`` for the current test or all tests in a suite.</doc>
<arguments>
<arg>${TAG[0]}</arg>
</arguments>
<msg timestamp="20210502 10:05:40.085" level="INFO">Set tag '1-1-12 Ensure nosuid option set on /dev/shm partition'.</msg>
<status status="PASS" starttime="20210502 10:05:40.084" endtime="20210502 10:05:40.085"></status>
</kw>
<kw name="Execute Command" library="SSHLibrary">
<doc>Executes ``command`` on the remote machine and returns its outputs.</doc>
<arguments>
<arg>${AUDIT[0]}</arg>
</arguments>
<assign>
<var>${output}</var>
</assign>
<msg timestamp="20210502 10:05:40.085" level="INFO">Executing command 'mount | grep -E '\s/dev/shm\s' | grep -v nosuid'.</msg>
<msg timestamp="20210502 10:05:40.108" level="INFO">Command exited with return code 1.</msg>
<msg timestamp="20210502 10:05:40.108" level="INFO">${output} = </msg>
<status status="PASS" starttime="20210502 10:05:40.085" endtime="20210502 10:05:40.108"></status>
</kw>
<kw name="Should Be Equal" library="BuiltIn">
<doc>Fails if the given objects are unequal.</doc>
<arguments>
<arg>${output}</arg>
<arg>${RESULT[0]}</arg>
</arguments>
<status status="PASS" starttime="20210502 10:05:40.108" endtime="20210502 10:05:40.109"></status>
</kw>
<tags>
<tag>1-1-12 Ensure nosuid option set on /dev/shm partition</tag>
</tags>
<status status="PASS" starttime="20210502 10:05:40.027" endtime="20210502 10:05:40.109" critical="yes"></status>
</test>
<test id="s1-t15" name="BASElINE_1-1-13">
<kw name="Get Value From Json" library="JSONLibrary">
<doc>Get Value From JSON using JSONPath</doc>
<arguments>
<arg>${json_obj}</arg>
<arg>$.BASELINE_1-1-13.TAG</arg>
</arguments>
<assign>
<var>${TAG}</var>
</assign>
<msg timestamp="20210502 10:05:40.128" level="INFO">${TAG} = ['1-1-13 Ensure noexec option set on /dev/shm partition']</msg>
<status status="PASS" starttime="20210502 10:05:40.110" endtime="20210502 10:05:40.128"></status>
</kw>
<kw name="Get Value From Json" library="JSONLibrary">
<doc>Get Value From JSON using JSONPath</doc>
<arguments>
<arg>${json_obj}</arg>
<arg>$.BASELINE_1-1-13.AUDIT</arg>
</arguments>
<assign>
<var>${AUDIT}</var>
</assign>
<msg timestamp="20210502 10:05:40.147" level="INFO">${AUDIT} = ['mount | grep /home']</msg>
<status status="PASS" starttime="20210502 10:05:40.129" endtime="20210502 10:05:40.147"></status>
</kw>
<kw name="Get Value From Json" library="JSONLibrary">
<doc>Get Value From JSON using JSONPath</doc>
<arguments>
<arg>${json_obj}</arg>
<arg>$.BASELINE_1-1-13.RESULT</arg>
</arguments>
<assign>
<var>${RESULT}</var>
</assign>
<msg timestamp="20210502 10:05:40.169" level="INFO">${RESULT} = ['']</msg>
<status status="PASS" starttime="20210502 10:05:40.148" endtime="20210502 10:05:40.169"></status>
</kw>
<kw name="Set Tags" library="BuiltIn">
<doc>Adds given ``tags`` for the current test or all tests in a suite.</doc>
<arguments>
<arg>${TAG[0]}</arg>
</arguments>
<msg timestamp="20210502 10:05:40.169" level="INFO">Set tag '1-1-13 Ensure noexec option set on /dev/shm partition'.</msg>
<status status="PASS" starttime="20210502 10:05:40.169" endtime="20210502 10:05:40.169"></status>
</kw>
<kw name="Execute Command" library="SSHLibrary">
<doc>Executes ``command`` on the remote machine and returns its outputs.</doc>
<arguments>
<arg>${AUDIT[0]}</arg>
</arguments>
<assign>
<var>${output}</var>
</assign>
<msg timestamp="20210502 10:05:40.170" level="INFO">Executing command 'mount | grep /home'.</msg>
<msg timestamp="20210502 10:05:40.193" level="INFO">Command exited with return code 1.</msg>
<msg timestamp="20210502 10:05:40.193" level="INFO">${output} = </msg>
<status status="PASS" starttime="20210502 10:05:40.170" endtime="20210502 10:05:40.193"></status>
</kw>
<kw name="Should Be Equal" library="BuiltIn">
<doc>Fails if the given objects are unequal.</doc>
<arguments>
<arg>${output}</arg>
<arg>${RESULT[0]}</arg>
</arguments>
<status status="PASS" starttime="20210502 10:05:40.194" endtime="20210502 10:05:40.194"></status>
</kw>
<tags>
<tag>1-1-13 Ensure noexec option set on /dev/shm partition</tag>
</tags>
<status status="PASS" starttime="20210502 10:05:40.109" endtime="20210502 10:05:40.194" critical="yes"></status>
</test>
<test id="s1-t16" name="BASElINE_1-1-14">
<kw name="Get Value From Json" library="JSONLibrary">
<doc>Get Value From JSON using JSONPath</doc>
<arguments>
<arg>${json_obj}</arg>
<arg>$.BASELINE_1-1-14.TAG</arg>
</arguments>
<assign>
<var>${TAG}</var>
</assign>
<msg timestamp="20210502 10:05:40.213" level="INFO">${TAG} = ['1-1-14 Disable Automounting']</msg>
<status status="PASS" starttime="20210502 10:05:40.194" endtime="20210502 10:05:40.213"></status>
</kw>
<kw name="Get Value From Json" library="JSONLibrary">
<doc>Get Value From JSON using JSONPath</doc>
<arguments>
<arg>${json_obj}</arg>
<arg>$.BASELINE_1-1-14.AUDIT</arg>
</arguments>
<assign>
<var>${AUDIT}</var>
</assign>
<msg timestamp="20210502 10:05:40.232" level="INFO">${AUDIT} = ['systemctl is-enabled autofs']</msg>
<status status="PASS" starttime="20210502 10:05:40.213" endtime="20210502 10:05:40.232"></status>
</kw>
<kw name="Get Value From Json" library="JSONLibrary">
<doc>Get Value From JSON using JSONPath</doc>
<arguments>
<arg>${json_obj}</arg>
<arg>$.BASELINE_1-1-14.RESULT</arg>
</arguments>
<assign>
<var>${RESULT}</var>
</assign>
<msg timestamp="20210502 10:05:40.251" level="INFO">${RESULT} = ['disabled']</msg>
<status status="PASS" starttime="20210502 10:05:40.232" endtime="20210502 10:05:40.251"></status>
</kw>
<kw name="Set Tags" library="BuiltIn">
<doc>Adds given ``tags`` for the current test or all tests in a suite.</doc>
<arguments>
<arg>${TAG[0]}</arg>
</arguments>
<msg timestamp="20210502 10:05:40.252" level="INFO">Set tag '1-1-14 Disable Automounting'.</msg>
<status status="PASS" starttime="20210502 10:05:40.251" endtime="20210502 10:05:40.252"></status>
</kw>
<kw name="Execute Command" library="SSHLibrary">
<doc>Executes ``command`` on the remote machine and returns its outputs.</doc>
<arguments>
<arg>${AUDIT[0]}</arg>
</arguments>
<assign>
<var>${output}</var>
</assign>
<msg timestamp="20210502 10:05:40.253" level="INFO">Executing command 'systemctl is-enabled autofs'.</msg>
<msg timestamp="20210502 10:05:40.413" level="INFO">Command exited with return code 1.</msg>
<msg timestamp="20210502 10:05:40.413" level="INFO">${output} = disabled</msg>
<status status="PASS" starttime="20210502 10:05:40.252" endtime="20210502 10:05:40.414"></status>
</kw>
<kw name="Should Be Equal" library="BuiltIn">
<doc>Fails if the given objects are unequal.</doc>
<arguments>
<arg>${output}</arg>
<arg>${RESULT[0]}</arg>
</arguments>
<status status="PASS" starttime="20210502 10:05:40.414" endtime="20210502 10:05:40.415"></status>
</kw>
<tags>
<tag>1-1-14 Disable Automounting</tag>
</tags>
<status status="PASS" starttime="20210502 10:05:40.194" endtime="20210502 10:05:40.415" critical="yes"></status>
</test>
<test id="s1-t17" name="BASElINE_1-2-1">
<kw name="Get Value From Json" library="JSONLibrary">
<doc>Get Value From JSON using JSONPath</doc>
<arguments>
<arg>${json_obj}</arg>
<arg>$.BASELINE_1-2-1.TAG</arg>
</arguments>
<assign>
<var>${TAG}</var>
</assign>
<msg timestamp="20210502 10:05:40.452" level="INFO">${TAG} = ['1-2-1 Ensure gpgcheck is globally activated']</msg>
<status status="PASS" starttime="20210502 10:05:40.417" endtime="20210502 10:05:40.452"></status>
</kw>
<kw name="Get Value From Json" library="JSONLibrary">
<doc>Get Value From JSON using JSONPath</doc>
<arguments>
<arg>${json_obj}</arg>
<arg>$.BASELINE_1-2-1.AUDIT</arg>
</arguments>
<assign>
<var>${AUDIT}</var>
</assign>
<msg timestamp="20210502 10:05:40.470" level="INFO">${AUDIT} = ['grep ^gpgcheck /etc/yum.conf']</msg>
<status status="PASS" starttime="20210502 10:05:40.452" endtime="20210502 10:05:40.470"></status>
</kw>
<kw name="Get Value From Json" library="JSONLibrary">
<doc>Get Value From JSON using JSONPath</doc>
<arguments>
<arg>${json_obj}</arg>
<arg>$.BASELINE_1-2-1.RESULT</arg>
</arguments>
<assign>
<var>${RESULT}</var>
</assign>
<msg timestamp="20210502 10:05:40.490" level="INFO">${RESULT} = ['gpgcheck=1']</msg>
<status status="PASS" starttime="20210502 10:05:40.470" endtime="20210502 10:05:40.490"></status>
</kw>
<kw name="Set Tags" library="BuiltIn">
<doc>Adds given ``tags`` for the current test or all tests in a suite.</doc>
<arguments>
<arg>${TAG[0]}</arg>
</arguments>
<msg timestamp="20210502 10:05:40.490" level="INFO">Set tag '1-2-1 Ensure gpgcheck is globally activated'.</msg>
<status status="PASS" starttime="20210502 10:05:40.490" endtime="20210502 10:05:40.490"></status>
</kw>
<kw name="Execute Command" library="SSHLibrary">
<doc>Executes ``command`` on the remote machine and returns its outputs.</doc>
<arguments>
<arg>${AUDIT[0]}</arg>
</arguments>
<assign>
<var>${output}</var>
</assign>
<msg timestamp="20210502 10:05:40.490" level="INFO">Executing command 'grep ^gpgcheck /etc/yum.conf'.</msg>
<msg timestamp="20210502 10:05:40.514" level="INFO">Command exited with return code 0.</msg>
<msg timestamp="20210502 10:05:40.514" level="INFO">${output} = gpgcheck=1</msg>
<status status="PASS" starttime="20210502 10:05:40.490" endtime="20210502 10:05:40.514"></status>
</kw>
<kw name="Should Contain" library="BuiltIn">
<doc>Fails if ``container`` does not contain ``item`` one or more times.</doc>
<arguments>
<arg>${output}</arg>
<arg>${RESULT[0]}</arg>
</arguments>
<status status="PASS" starttime="20210502 10:05:40.514" endtime="20210502 10:05:40.515"></status>
</kw>
<tags>
<tag>1-2-1 Ensure gpgcheck is globally activated</tag>
</tags>
<status status="PASS" starttime="20210502 10:05:40.416" endtime="20210502 10:05:40.515" critical="yes"></status>
</test>
<test id="s1-t18" name="BASElINE_1-2-2">
<kw name="Get Value From Json" library="JSONLibrary">
<doc>Get Value From JSON using JSONPath</doc>
<arguments>
<arg>${json_obj}</arg>
<arg>$.BASELINE_1-2-2.TAG</arg>
</arguments>
<assign>
<var>${TAG}</var>
</assign>
<msg timestamp="20210502 10:05:40.535" level="INFO">${TAG} = ['1-2-2 Ensure package manager repositories are configured']</msg>
<status status="PASS" starttime="20210502 10:05:40.515" endtime="20210502 10:05:40.535"></status>
</kw>
<kw name="Get Value From Json" library="JSONLibrary">
<doc>Get Value From JSON using JSONPath</doc>
<arguments>
<arg>${json_obj}</arg>
<arg>$.BASELINE_1-2-2.AUDIT</arg>
</arguments>
<assign>
<var>${AUDIT}</var>
</assign>
<msg timestamp="20210502 10:05:40.554" level="INFO">${AUDIT} = ['dnf repolist']</msg>
<status status="PASS" starttime="20210502 10:05:40.535" endtime="20210502 10:05:40.554"></status>
</kw>
<kw name="Get Value From Json" library="JSONLibrary">
<doc>Get Value From JSON using JSONPath</doc>
<arguments>
<arg>${json_obj}</arg>
<arg>$.BASELINE_1-2-2.RESULT</arg>
</arguments>
<assign>
<var>${RESULT}</var>
</assign>
<msg timestamp="20210502 10:05:40.573" level="INFO">${RESULT} = ['CentOS-8']</msg>
<status status="PASS" starttime="20210502 10:05:40.554" endtime="20210502 10:05:40.573"></status>
</kw>
<kw name="Set Tags" library="BuiltIn">
<doc>Adds given ``tags`` for the current test or all tests in a suite.</doc>
<arguments>
<arg>${TAG[0]}</arg>
</arguments>
<msg timestamp="20210502 10:05:40.574" level="INFO">Set tag '1-2-2 Ensure package manager repositories are configured'.</msg>
<status status="PASS" starttime="20210502 10:05:40.573" endtime="20210502 10:05:40.574"></status>
</kw>
<kw name="Execute Command" library="SSHLibrary">
<doc>Executes ``command`` on the remote machine and returns its outputs.</doc>
<arguments>
<arg>${AUDIT[0]}</arg>
</arguments>
<assign>
<var>${output}</var>
</assign>
<msg timestamp="20210502 10:05:40.574" level="INFO">Executing command 'dnf repolist'.</msg>
<msg timestamp="20210502 10:05:40.851" level="INFO">Command exited with return code 0.</msg>
<msg timestamp="20210502 10:05:40.851" level="INFO">${output} = repo id                            repo name
AppStream                          CentOS-8 - AppStream
BaseOS                             CentOS-8 - Base
extras                             CentOS-8 - Ex...</msg>
<status status="PASS" starttime="20210502 10:05:40.574" endtime="20210502 10:05:40.851"></status>
</kw>
<kw name="Should Contain" library="BuiltIn">
<doc>Fails if ``container`` does not contain ``item`` one or more times.</doc>
<arguments>
<arg>${output}</arg>
<arg>${RESULT[0]}</arg>
</arguments>
<status status="PASS" starttime="20210502 10:05:40.851" endtime="20210502 10:05:40.852"></status>
</kw>
<tags>
<tag>1-2-2 Ensure package manager repositories are configured</tag>
</tags>
<status status="PASS" starttime="20210502 10:05:40.515" endtime="20210502 10:05:40.852" critical="yes"></status>
</test>
<test id="s1-t19" name="BASElINE_1-3-1">
<kw name="Get Value From Json" library="JSONLibrary">
<doc>Get Value From JSON using JSONPath</doc>
<arguments>
<arg>${json_obj}</arg>
<arg>$.BASELINE_1-3-1.TAG</arg>
</arguments>
<assign>
<var>${TAG}</var>
</assign>
<msg timestamp="20210502 10:05:40.873" level="INFO">${TAG} = ['1-3-1 Ensure sudo is installed']</msg>
<status status="PASS" starttime="20210502 10:05:40.853" endtime="20210502 10:05:40.873"></status>
</kw>
<kw name="Get Value From Json" library="JSONLibrary">
<doc>Get Value From JSON using JSONPath</doc>
<arguments>
<arg>${json_obj}</arg>
<arg>$.BASELINE_1-3-1.AUDIT</arg>
</arguments>
<assign>
<var>${AUDIT}</var>
</assign>
<msg timestamp="20210502 10:05:40.894" level="INFO">${AUDIT} = ['rpm -q sudo']</msg>
<status status="PASS" starttime="20210502 10:05:40.873" endtime="20210502 10:05:40.894"></status>
</kw>
<kw name="Get Value From Json" library="JSONLibrary">
<doc>Get Value From JSON using JSONPath</doc>
<arguments>
<arg>${json_obj}</arg>
<arg>$.BASELINE_1-3-1.RESULT</arg>
</arguments>
<assign>
<var>${RESULT}</var>
</assign>
<msg timestamp="20210502 10:05:40.928" level="INFO">${RESULT} = ['sudo-1.8.29-5.el8.x86_64']</msg>
<status status="PASS" starttime="20210502 10:05:40.894" endtime="20210502 10:05:40.929"></status>
</kw>
<kw name="Set Tags" library="BuiltIn">
<doc>Adds given ``tags`` for the current test or all tests in a suite.</doc>
<arguments>
<arg>${TAG[0]}</arg>
</arguments>
<msg timestamp="20210502 10:05:40.929" level="INFO">Set tag '1-3-1 Ensure sudo is installed'.</msg>
<status status="PASS" starttime="20210502 10:05:40.929" endtime="20210502 10:05:40.929"></status>
</kw>
<kw name="Execute Command" library="SSHLibrary">
<doc>Executes ``command`` on the remote machine and returns its outputs.</doc>
<arguments>
<arg>${AUDIT[0]}</arg>
</arguments>
<assign>
<var>${output}</var>
</assign>
<msg timestamp="20210502 10:05:40.929" level="INFO">Executing command 'rpm -q sudo'.</msg>
<msg timestamp="20210502 10:05:40.985" level="INFO">Command exited with return code 0.</msg>
<msg timestamp="20210502 10:05:40.985" level="INFO">${output} = sudo-1.8.29-5.el8.x86_64</msg>
<status status="PASS" starttime="20210502 10:05:40.929" endtime="20210502 10:05:40.985"></status>
</kw>
<kw name="Should Contain" library="BuiltIn">
<doc>Fails if ``container`` does not contain ``item`` one or more times.</doc>
<arguments>
<arg>${output}</arg>
<arg>${RESULT[0]}</arg>
</arguments>
<status status="PASS" starttime="20210502 10:05:40.985" endtime="20210502 10:05:40.986"></status>
</kw>
<tags>
<tag>1-3-1 Ensure sudo is installed</tag>
</tags>
<status status="PASS" starttime="20210502 10:05:40.853" endtime="20210502 10:05:40.986" critical="yes"></status>
</test>
<test id="s1-t20" name="BASElINE_1-4-1">
<kw name="Get Value From Json" library="JSONLibrary">
<doc>Get Value From JSON using JSONPath</doc>
<arguments>
<arg>${json_obj}</arg>
<arg>$.BASELINE_1-4-1.TAG</arg>
</arguments>
<assign>
<var>${TAG}</var>
</assign>
<msg timestamp="20210502 10:05:41.004" level="INFO">${TAG} = ['1-4-1 Ensure AIDE is installed']</msg>
<status status="PASS" starttime="20210502 10:05:40.986" endtime="20210502 10:05:41.004"></status>
</kw>
<kw name="Get Value From Json" library="JSONLibrary">
<doc>Get Value From JSON using JSONPath</doc>
<arguments>
<arg>${json_obj}</arg>
<arg>$.BASELINE_1-4-1.AUDIT</arg>
</arguments>
<assign>
<var>${AUDIT}</var>
</assign>
<msg timestamp="20210502 10:05:41.022" level="INFO">${AUDIT} = ['rpm -q aide']</msg>
<status status="PASS" starttime="20210502 10:05:41.005" endtime="20210502 10:05:41.022"></status>
</kw>
<kw name="Get Value From Json" library="JSONLibrary">
<doc>Get Value From JSON using JSONPath</doc>
<arguments>
<arg>${json_obj}</arg>
<arg>$.BASELINE_1-4-1.RESULT</arg>
</arguments>
<assign>
<var>${RESULT}</var>
</assign>
<msg timestamp="20210502 10:05:41.042" level="INFO">${RESULT} = ['aide-0.16-11.el8.x86_64']</msg>
<status status="PASS" starttime="20210502 10:05:41.022" endtime="20210502 10:05:41.042"></status>
</kw>
<kw name="Set Tags" library="BuiltIn">
<doc>Adds given ``tags`` for the current test or all tests in a suite.</doc>
<arguments>
<arg>${TAG[0]}</arg>
</arguments>
<msg timestamp="20210502 10:05:41.042" level="INFO">Set tag '1-4-1 Ensure AIDE is installed'.</msg>
<status status="PASS" starttime="20210502 10:05:41.042" endtime="20210502 10:05:41.042"></status>
</kw>
<kw name="Execute Command" library="SSHLibrary">
<doc>Executes ``command`` on the remote machine and returns its outputs.</doc>
<arguments>
<arg>${AUDIT[0]}</arg>
</arguments>
<assign>
<var>${output}</var>
</assign>
<msg timestamp="20210502 10:05:41.043" level="INFO">Executing command 'rpm -q aide'.</msg>
<msg timestamp="20210502 10:05:41.108" level="INFO">Command exited with return code 0.</msg>
<msg timestamp="20210502 10:05:41.108" level="INFO">${output} = aide-0.16-11.el8.x86_64</msg>
<status status="PASS" starttime="20210502 10:05:41.043" endtime="20210502 10:05:41.108"></status>
</kw>
<kw name="Should Contain" library="BuiltIn">
<doc>Fails if ``container`` does not contain ``item`` one or more times.</doc>
<arguments>
<arg>${output}</arg>
<arg>${RESULT[0]}</arg>
</arguments>
<status status="PASS" starttime="20210502 10:05:41.108" endtime="20210502 10:05:41.109"></status>
</kw>
<tags>
<tag>1-4-1 Ensure AIDE is installed</tag>
</tags>
<status status="PASS" starttime="20210502 10:05:40.986" endtime="20210502 10:05:41.109" critical="yes"></status>
</test>
<test id="s1-t21" name="BASElINE_1-4-2">
<kw name="Get Value From Json" library="JSONLibrary">
<doc>Get Value From JSON using JSONPath</doc>
<arguments>
<arg>${json_obj}</arg>
<arg>$.BASELINE_1-4-2.TAG</arg>
</arguments>
<assign>
<var>${TAG}</var>
</assign>
<msg timestamp="20210502 10:05:41.127" level="INFO">${TAG} = ['1-4-2 Ensure filesystem integrity is regularly checked']</msg>
<status status="PASS" starttime="20210502 10:05:41.109" endtime="20210502 10:05:41.127"></status>
</kw>
<kw name="Get Value From Json" library="JSONLibrary">
<doc>Get Value From JSON using JSONPath</doc>
<arguments>
<arg>${json_obj}</arg>
<arg>$.BASELINE_1-4-2.AUDIT</arg>
</arguments>
<assign>
<var>${AUDIT}</var>
</assign>
<msg timestamp="20210502 10:05:41.146" level="INFO">${AUDIT} = ['crontab -u root -l | grep aide']</msg>
<status status="PASS" starttime="20210502 10:05:41.128" endtime="20210502 10:05:41.146"></status>
</kw>
<kw name="Get Value From Json" library="JSONLibrary">
<doc>Get Value From JSON using JSONPath</doc>
<arguments>
<arg>${json_obj}</arg>
<arg>$.BASELINE_1-4-2.RESULT</arg>
</arguments>
<assign>
<var>${RESULT}</var>
</assign>
<msg timestamp="20210502 10:05:41.163" level="INFO">${RESULT} = ['0 5 * * * /usr/sbin/aide --check']</msg>
<status status="PASS" starttime="20210502 10:05:41.146" endtime="20210502 10:05:41.163"></status>
</kw>
<kw name="Set Tags" library="BuiltIn">
<doc>Adds given ``tags`` for the current test or all tests in a suite.</doc>
<arguments>
<arg>${TAG[0]}</arg>
</arguments>
<msg timestamp="20210502 10:05:41.164" level="INFO">Set tag '1-4-2 Ensure filesystem integrity is regularly checked'.</msg>
<status status="PASS" starttime="20210502 10:05:41.164" endtime="20210502 10:05:41.164"></status>
</kw>
<kw name="Execute Command" library="SSHLibrary">
<doc>Executes ``command`` on the remote machine and returns its outputs.</doc>
<arguments>
<arg>${AUDIT[0]}</arg>
</arguments>
<assign>
<var>${output}</var>
</assign>
<msg timestamp="20210502 10:05:41.165" level="INFO">Executing command 'crontab -u root -l | grep aide'.</msg>
<msg timestamp="20210502 10:05:41.188" level="INFO">Command exited with return code 0.</msg>
<msg timestamp="20210502 10:05:41.188" level="INFO">${output} = 0 5 * * * /usr/sbin/aide --check</msg>
<status status="PASS" starttime="20210502 10:05:41.164" endtime="20210502 10:05:41.188"></status>
</kw>
<kw name="Should Contain" library="BuiltIn">
<doc>Fails if ``container`` does not contain ``item`` one or more times.</doc>
<arguments>
<arg>${output}</arg>
<arg>${RESULT[0]}</arg>
</arguments>
<status status="PASS" starttime="20210502 10:05:41.188" endtime="20210502 10:05:41.189"></status>
</kw>
<tags>
<tag>1-4-2 Ensure filesystem integrity is regularly checked</tag>
</tags>
<status status="PASS" starttime="20210502 10:05:41.109" endtime="20210502 10:05:41.189" critical="yes"></status>
</test>
<test id="s1-t22" name="BASElINE_1-5-1">
<kw name="Get Value From Json" library="JSONLibrary">
<doc>Get Value From JSON using JSONPath</doc>
<arguments>
<arg>${json_obj}</arg>
<arg>$.BASELINE_1-5-1.TAG</arg>
</arguments>
<assign>
<var>${TAG}</var>
</assign>
<msg timestamp="20210502 10:05:41.209" level="INFO">${TAG} = ['1-5-1 Ensure permissions on bootloader config are configured']</msg>
<status status="PASS" starttime="20210502 10:05:41.189" endtime="20210502 10:05:41.209"></status>
</kw>
<kw name="Get Value From Json" library="JSONLibrary">
<doc>Get Value From JSON using JSONPath</doc>
<arguments>
<arg>${json_obj}</arg>
<arg>$.BASELINE_1-5-1.AUDIT</arg>
</arguments>
<assign>
<var>${AUDIT}</var>
</assign>
<msg timestamp="20210502 10:05:41.227" level="INFO">${AUDIT} = ['stat /boot/grub2/grub.cfg']</msg>
<status status="PASS" starttime="20210502 10:05:41.209" endtime="20210502 10:05:41.227"></status>
</kw>
<kw name="Get Value From Json" library="JSONLibrary">
<doc>Get Value From JSON using JSONPath</doc>
<arguments>
<arg>${json_obj}</arg>
<arg>$.BASELINE_1-5-1.RESULT</arg>
</arguments>
<assign>
<var>${RESULT}</var>
</assign>
<msg timestamp="20210502 10:05:41.246" level="INFO">${RESULT} = ['0600/']</msg>
<status status="PASS" starttime="20210502 10:05:41.228" endtime="20210502 10:05:41.246"></status>
</kw>
<kw name="Set Tags" library="BuiltIn">
<doc>Adds given ``tags`` for the current test or all tests in a suite.</doc>
<arguments>
<arg>${TAG[0]}</arg>
</arguments>
<msg timestamp="20210502 10:05:41.247" level="INFO">Set tag '1-5-1 Ensure permissions on bootloader config are configured'.</msg>
<status status="PASS" starttime="20210502 10:05:41.246" endtime="20210502 10:05:41.247"></status>
</kw>
<kw name="Execute Command" library="SSHLibrary">
<doc>Executes ``command`` on the remote machine and returns its outputs.</doc>
<arguments>
<arg>${AUDIT[0]}</arg>
</arguments>
<assign>
<var>${output}</var>
</assign>
<msg timestamp="20210502 10:05:41.247" level="INFO">Executing command 'stat /boot/grub2/grub.cfg'.</msg>
<msg timestamp="20210502 10:05:41.281" level="INFO">Command exited with return code 0.</msg>
<msg timestamp="20210502 10:05:41.281" level="INFO">${output} =   File: /boot/grub2/grub.cfg
  Size: 5049      	Blocks: 16         IO Block: 4096   regular file
Device: 801h/2049d	Inode: 307         Links: 1
Access: (0600/-rw-------)  Uid: (    0/    root)   Gid: ...</msg>
<status status="PASS" starttime="20210502 10:05:41.247" endtime="20210502 10:05:41.281"></status>
</kw>
<kw name="Should Contain" library="BuiltIn">
<doc>Fails if ``container`` does not contain ``item`` one or more times.</doc>
<arguments>
<arg>${output}</arg>
<arg>${RESULT[0]}</arg>
</arguments>
<status status="PASS" starttime="20210502 10:05:41.281" endtime="20210502 10:05:41.282"></status>
</kw>
<tags>
<tag>1-5-1 Ensure permissions on bootloader config are configured</tag>
</tags>
<status status="PASS" starttime="20210502 10:05:41.189" endtime="20210502 10:05:41.282" critical="yes"></status>
</test>
<test id="s1-t23" name="BASElINE_1-5-2">
<kw name="Get Value From Json" library="JSONLibrary">
<doc>Get Value From JSON using JSONPath</doc>
<arguments>
<arg>${json_obj}</arg>
<arg>$.BASELINE_1-5-2.TAG</arg>
</arguments>
<assign>
<var>${TAG}</var>
</assign>
<msg timestamp="20210502 10:05:41.301" level="INFO">${TAG} = ['1-5-2 Ensure bootloader password is set']</msg>
<status status="PASS" starttime="20210502 10:05:41.283" endtime="20210502 10:05:41.301"></status>
</kw>
<kw name="Get Value From Json" library="JSONLibrary">
<doc>Get Value From JSON using JSONPath</doc>
<arguments>
<arg>${json_obj}</arg>
<arg>$.BASELINE_1-5-2.AUDIT</arg>
</arguments>
<assign>
<var>${AUDIT}</var>
</assign>
<msg timestamp="20210502 10:05:41.321" level="INFO">${AUDIT} = ['grep "^\\s*GRUB2_PASSWORD" /boot/grub2/user.cfg']</msg>
<status status="PASS" starttime="20210502 10:05:41.301" endtime="20210502 10:05:41.321"></status>
</kw>
<kw name="Get Value From Json" library="JSONLibrary">
<doc>Get Value From JSON using JSONPath</doc>
<arguments>
<arg>${json_obj}</arg>
<arg>$.BASELINE_1-5-2.RESULT</arg>
</arguments>
<assign>
<var>${RESULT}</var>
</assign>
<msg timestamp="20210502 10:05:41.342" level="INFO">${RESULT} = ['GRUB2_PASSWORD=']</msg>
<status status="PASS" starttime="20210502 10:05:41.321" endtime="20210502 10:05:41.342"></status>
</kw>
<kw name="Set Tags" library="BuiltIn">
<doc>Adds given ``tags`` for the current test or all tests in a suite.</doc>
<arguments>
<arg>${TAG[0]}</arg>
</arguments>
<msg timestamp="20210502 10:05:41.343" level="INFO">Set tag '1-5-2 Ensure bootloader password is set'.</msg>
<status status="PASS" starttime="20210502 10:05:41.342" endtime="20210502 10:05:41.343"></status>
</kw>
<kw name="Execute Command" library="SSHLibrary">
<doc>Executes ``command`` on the remote machine and returns its outputs.</doc>
<arguments>
<arg>${AUDIT[0]}</arg>
</arguments>
<assign>
<var>${output}</var>
</assign>
<msg timestamp="20210502 10:05:41.343" level="INFO">Executing command 'grep "^\s*GRUB2_PASSWORD" /boot/grub2/user.cfg'.</msg>
<msg timestamp="20210502 10:05:41.366" level="INFO">Command exited with return code 0.</msg>
<msg timestamp="20210502 10:05:41.366" level="INFO">${output} = GRUB2_PASSWORD=grub.pbkdf2.sha512.10000.CCDCF870FD7EC72602C5CCF2EDADAD2531801943CC11896FD7CB79A05913D404480CC3BBE3229367E39F1038FD14EE3A704F7AFD60C97105A9753484E7D1D84B.4F485FA5E2A325AB83398A4E4C98464...</msg>
<status status="PASS" starttime="20210502 10:05:41.343" endtime="20210502 10:05:41.366"></status>
</kw>
<kw name="Should Contain" library="BuiltIn">
<doc>Fails if ``container`` does not contain ``item`` one or more times.</doc>
<arguments>
<arg>${output}</arg>
<arg>${RESULT[0]}</arg>
</arguments>
<status status="PASS" starttime="20210502 10:05:41.366" endtime="20210502 10:05:41.367"></status>
</kw>
<tags>
<tag>1-5-2 Ensure bootloader password is set</tag>
</tags>
<status status="PASS" starttime="20210502 10:05:41.282" endtime="20210502 10:05:41.367" critical="yes"></status>
</test>
<test id="s1-t24" name="BASElINE_1-5-3">
<kw name="Get Value From Json" library="JSONLibrary">
<doc>Get Value From JSON using JSONPath</doc>
<arguments>
<arg>${json_obj}</arg>
<arg>$.BASELINE_1-5-3.TAG</arg>
</arguments>
<assign>
<var>${TAG}</var>
</assign>
<msg timestamp="20210502 10:05:41.386" level="INFO">${TAG} = ['1-5-3 Ensure authentication required for single user mode']</msg>
<status status="PASS" starttime="20210502 10:05:41.367" endtime="20210502 10:05:41.386"></status>
</kw>
<kw name="Get Value From Json" library="JSONLibrary">
<doc>Get Value From JSON using JSONPath</doc>
<arguments>
<arg>${json_obj}</arg>
<arg>$.BASELINE_1-5-3.AUDIT</arg>
</arguments>
<assign>
<var>${AUDIT}</var>
</assign>
<msg timestamp="20210502 10:05:41.404" level="INFO">${AUDIT} = ['grep /systemd-sulogin-shell /usr/lib/systemd/system/rescue.service']</msg>
<status status="PASS" starttime="20210502 10:05:41.386" endtime="20210502 10:05:41.404"></status>
</kw>
<kw name="Get Value From Json" library="JSONLibrary">
<doc>Get Value From JSON using JSONPath</doc>
<arguments>
<arg>${json_obj}</arg>
<arg>$.BASELINE_1-5-3.RESULT</arg>
</arguments>
<assign>
<var>${RESULT}</var>
</assign>
<msg timestamp="20210502 10:05:41.424" level="INFO">${RESULT} = ['ExecStart=']</msg>
<status status="PASS" starttime="20210502 10:05:41.404" endtime="20210502 10:05:41.424"></status>
</kw>
<kw name="Set Tags" library="BuiltIn">
<doc>Adds given ``tags`` for the current test or all tests in a suite.</doc>
<arguments>
<arg>${TAG[0]}</arg>
</arguments>
<msg timestamp="20210502 10:05:41.424" level="INFO">Set tag '1-5-3 Ensure authentication required for single user mode'.</msg>
<status status="PASS" starttime="20210502 10:05:41.424" endtime="20210502 10:05:41.424"></status>
</kw>
<kw name="Execute Command" library="SSHLibrary">
<doc>Executes ``command`` on the remote machine and returns its outputs.</doc>
<arguments>
<arg>${AUDIT[0]}</arg>
</arguments>
<assign>
<var>${output}</var>
</assign>
<msg timestamp="20210502 10:05:41.425" level="INFO">Executing command 'grep /systemd-sulogin-shell /usr/lib/systemd/system/rescue.service'.</msg>
<msg timestamp="20210502 10:05:41.438" level="INFO">Command exited with return code 0.</msg>
<msg timestamp="20210502 10:05:41.438" level="INFO">${output} = ExecStart=-/usr/lib/systemd/systemd-sulogin-shell rescue</msg>
<status status="PASS" starttime="20210502 10:05:41.425" endtime="20210502 10:05:41.438"></status>
</kw>
<kw name="Should Contain" library="BuiltIn">
<doc>Fails if ``container`` does not contain ``item`` one or more times.</doc>
<arguments>
<arg>${output}</arg>
<arg>${RESULT[0]}</arg>
</arguments>
[...]
<status status="PASS" starttime="20210502 10:05:50.405" endtime="20210502 10:05:50.428"></status>
</kw>
<kw name="Should Contain" library="BuiltIn">
<doc>Fails if ``container`` does not contain ``item`` one or more times.</doc>
<arguments>
<arg>${output}</arg>
<arg>${RESULT[0]}</arg>
</arguments>
<status status="PASS" starttime="20210502 10:05:50.428" endtime="20210502 10:05:50.429"></status>
</kw>
<tags>
<tag>6-1-2 Ensure permissions on /etc/shadow are configured</tag>
</tags>
<status status="PASS" starttime="20210502 10:05:50.347" endtime="20210502 10:05:50.429" critical="yes"></status>
</test>
<test id="s1-t115" name="BASElINE_6-1-3">
<kw name="Get Value From Json" library="JSONLibrary">
<doc>Get Value From JSON using JSONPath</doc>
<arguments>
<arg>${json_obj}</arg>
<arg>$.BASELINE_6-1-3.TAG</arg>
</arguments>
<assign>
<var>${TAG}</var>
</assign>
<msg timestamp="20210502 10:05:50.448" level="INFO">${TAG} = ['6-1-3 Ensure permissions on /etc/group are configured']</msg>
<status status="PASS" starttime="20210502 10:05:50.429" endtime="20210502 10:05:50.448"></status>
</kw>
<kw name="Get Value From Json" library="JSONLibrary">
<doc>Get Value From JSON using JSONPath</doc>
<arguments>
<arg>${json_obj}</arg>
<arg>$.BASELINE_6-1-3.AUDIT</arg>
</arguments>
<assign>
<var>${AUDIT}</var>
</assign>
<msg timestamp="20210502 10:05:50.466" level="INFO">${AUDIT} = ['stat /etc/group']</msg>
<status status="PASS" starttime="20210502 10:05:50.448" endtime="20210502 10:05:50.466"></status>
</kw>
<kw name="Get Value From Json" library="JSONLibrary">
<doc>Get Value From JSON using JSONPath</doc>
<arguments>
<arg>${json_obj}</arg>
<arg>$.BASELINE_6-1-3.RESULT</arg>
</arguments>
<assign>
<var>${RESULT}</var>
</assign>
<msg timestamp="20210502 10:05:50.487" level="INFO">${RESULT} = ['Access: (0644/-rw-r--r--)']</msg>
<status status="PASS" starttime="20210502 10:05:50.466" endtime="20210502 10:05:50.487"></status>
</kw>
<kw name="Set Tags" library="BuiltIn">
<doc>Adds given ``tags`` for the current test or all tests in a suite.</doc>
<arguments>
<arg>${TAG[0]}</arg>
</arguments>
<msg timestamp="20210502 10:05:50.487" level="INFO">Set tag '6-1-3 Ensure permissions on /etc/group are configured'.</msg>
<status status="PASS" starttime="20210502 10:05:50.487" endtime="20210502 10:05:50.487"></status>
</kw>
<kw name="Execute Command" library="SSHLibrary">
<doc>Executes ``command`` on the remote machine and returns its outputs.</doc>
<arguments>
<arg>${AUDIT[0]}</arg>
</arguments>
<assign>
<var>${output}</var>
</assign>
<msg timestamp="20210502 10:05:50.487" level="INFO">Executing command 'stat /etc/group'.</msg>
<msg timestamp="20210502 10:05:50.511" level="INFO">Command exited with return code 0.</msg>
<msg timestamp="20210502 10:05:50.511" level="INFO">${output} =   File: /etc/group
  Size: 648       	Blocks: 8          IO Block: 4096   regular file
Device: fd01h/64769d	Inode: 16790052    Links: 1
Access: (0644/-rw-r--r--)  Uid: (    0/    root)   Gid: (    0/ ...</msg>
<status status="PASS" starttime="20210502 10:05:50.487" endtime="20210502 10:05:50.511"></status>
</kw>
<kw name="Should Contain" library="BuiltIn">
<doc>Fails if ``container`` does not contain ``item`` one or more times.</doc>
<arguments>
<arg>${output}</arg>
<arg>${RESULT[0]}</arg>
</arguments>
<status status="PASS" starttime="20210502 10:05:50.512" endtime="20210502 10:05:50.512"></status>
</kw>
<tags>
<tag>6-1-3 Ensure permissions on /etc/group are configured</tag>
</tags>
<status status="PASS" starttime="20210502 10:05:50.429" endtime="20210502 10:05:50.512" critical="yes"></status>
</test>
<test id="s1-t116" name="BASElINE_6-1-4">
<kw name="Get Value From Json" library="JSONLibrary">
<doc>Get Value From JSON using JSONPath</doc>
<arguments>
<arg>${json_obj}</arg>
<arg>$.BASELINE_6-1-4.TAG</arg>
</arguments>
<assign>
<var>${TAG}</var>
</assign>
<msg timestamp="20210502 10:05:50.532" level="INFO">${TAG} = ['6-1-4 Ensure permissions on /etc/gshadow are configured ']</msg>
<status status="PASS" starttime="20210502 10:05:50.513" endtime="20210502 10:05:50.532"></status>
</kw>
<kw name="Get Value From Json" library="JSONLibrary">
<doc>Get Value From JSON using JSONPath</doc>
<arguments>
<arg>${json_obj}</arg>
<arg>$.BASELINE_6-1-4.AUDIT</arg>
</arguments>
<assign>
<var>${AUDIT}</var>
</assign>
<msg timestamp="20210502 10:05:50.552" level="INFO">${AUDIT} = ['stat /etc/gshadow']</msg>
<status status="PASS" starttime="20210502 10:05:50.532" endtime="20210502 10:05:50.552"></status>
</kw>
<kw name="Get Value From Json" library="JSONLibrary">
<doc>Get Value From JSON using JSONPath</doc>
<arguments>
<arg>${json_obj}</arg>
<arg>$.BASELINE_6-1-4.RESULT</arg>
</arguments>
<assign>
<var>${RESULT}</var>
</assign>
<msg timestamp="20210502 10:05:50.571" level="INFO">${RESULT} = ['Access: (0000/----------)']</msg>
<status status="PASS" starttime="20210502 10:05:50.552" endtime="20210502 10:05:50.571"></status>
</kw>
<kw name="Set Tags" library="BuiltIn">
<doc>Adds given ``tags`` for the current test or all tests in a suite.</doc>
<arguments>
<arg>${TAG[0]}</arg>
</arguments>
<msg timestamp="20210502 10:05:50.572" level="INFO">Set tag '6-1-4 Ensure permissions on /etc/gshadow are configured '.</msg>
<status status="PASS" starttime="20210502 10:05:50.572" endtime="20210502 10:05:50.572"></status>
</kw>
<kw name="Execute Command" library="SSHLibrary">
<doc>Executes ``command`` on the remote machine and returns its outputs.</doc>
<arguments>
<arg>${AUDIT[0]}</arg>
</arguments>
<assign>
<var>${output}</var>
</assign>
<msg timestamp="20210502 10:05:50.573" level="INFO">Executing command 'stat /etc/gshadow'.</msg>
<msg timestamp="20210502 10:05:50.596" level="INFO">Command exited with return code 0.</msg>
<msg timestamp="20210502 10:05:50.596" level="INFO">${output} =   File: /etc/gshadow
  Size: 516       	Blocks: 8          IO Block: 4096   regular file
Device: fd01h/64769d	Inode: 16789759    Links: 1
Access: (0000/----------)  Uid: (    0/    root)   Gid: (    0...</msg>
<status status="PASS" starttime="20210502 10:05:50.573" endtime="20210502 10:05:50.596"></status>
</kw>
<kw name="Should Contain" library="BuiltIn">
<doc>Fails if ``container`` does not contain ``item`` one or more times.</doc>
<arguments>
<arg>${output}</arg>
<arg>${RESULT[0]}</arg>
</arguments>
<status status="PASS" starttime="20210502 10:05:50.596" endtime="20210502 10:05:50.596"></status>
</kw>
<tags>
<tag>6-1-4 Ensure permissions on /etc/gshadow are configured </tag>
</tags>
<status status="PASS" starttime="20210502 10:05:50.513" endtime="20210502 10:05:50.596" critical="yes"></status>
</test>
<test id="s1-t117" name="Send Email notification">
<kw name="Get Value From Json" library="JSONLibrary">
<doc>Get Value From JSON using JSONPath</doc>
<arguments>
<arg>${json_obj}</arg>
<arg>$.Email_Receiver.TAG</arg>
</arguments>
<assign>
<var>${TAG}</var>
</assign>
<msg timestamp="20210502 10:05:50.615" level="INFO">${TAG} = ['Email notification']</msg>
<status status="PASS" starttime="20210502 10:05:50.597" endtime="20210502 10:05:50.616"></status>
</kw>
<kw name="Get Value From Json" library="JSONLibrary">
<doc>Get Value From JSON using JSONPath</doc>
<arguments>
<arg>${json_obj}</arg>
<arg>$.Email_Receiver.FROM</arg>
</arguments>
<assign>
<var>${FROM}</var>
</assign>
<msg timestamp="20210502 10:05:50.636" level="INFO">${FROM} = ['ptmsmut@gmail.com']</msg>
<status status="PASS" starttime="20210502 10:05:50.616" endtime="20210502 10:05:50.636"></status>
</kw>
<kw name="Get Value From Json" library="JSONLibrary">
<doc>Get Value From JSON using JSONPath</doc>
<arguments>
<arg>${json_obj}</arg>
<arg>$.Email_Receiver.TO</arg>
</arguments>
<assign>
<var>${TO}</var>
</assign>
<msg timestamp="20210502 10:05:50.655" level="INFO">${TO} = ['6217810010@mutacth.com']</msg>
<status status="PASS" starttime="20210502 10:05:50.636" endtime="20210502 10:05:50.655"></status>
</kw>
<kw name="Get Value From Json" library="JSONLibrary">
<doc>Get Value From JSON using JSONPath</doc>
<arguments>
<arg>${json_obj}</arg>
<arg>$.Email_Receiver.SUBJECT</arg>
</arguments>
<assign>
<var>${SUBJECT}</var>
</assign>
<msg timestamp="20210502 10:05:50.675" level="INFO">${SUBJECT} = ['Completed Audit Baseline Test Please check Test report.!!!!']</msg>
<status status="PASS" starttime="20210502 10:05:50.655" endtime="20210502 10:05:50.675"></status>
</kw>
<kw name="Send Message" library="!IS2-1-Python-SendEmail-fromRobot">
<arguments>
<arg>${FROM[0]}</arg>
<arg>${TO[0]}</arg>
<arg>${Subject[0]}</arg>
</arguments>
<assign>
<var>${result}</var>
</assign>
<msg timestamp="20210502 10:06:00.158" level="INFO">${result} = Send Completed</msg>
<status status="PASS" starttime="20210502 10:05:50.675" endtime="20210502 10:06:00.159"></status>
</kw>
<kw name="Set Tags" library="BuiltIn">
<doc>Adds given ``tags`` for the current test or all tests in a suite.</doc>
<arguments>
<arg>${TAG[0]}</arg>
</arguments>
<msg timestamp="20210502 10:06:00.160" level="INFO">Set tag 'Email notification'.</msg>
<status status="PASS" starttime="20210502 10:06:00.159" endtime="20210502 10:06:00.160"></status>
</kw>
<kw name="Log To Console" library="BuiltIn">
<doc>Logs the given message to the console.</doc>
<arguments>
<arg>${result}</arg>
</arguments>
<status status="PASS" starttime="20210502 10:06:00.161" endtime="20210502 10:06:00.162"></status>
</kw>
<tags>
<tag>Email notification</tag>
</tags>
<status status="PASS" starttime="20210502 10:05:50.596" endtime="20210502 10:06:00.162" critical="yes"></status>
</test>
<kw name="Close All Connections" library="SSHLibrary" type="teardown">
<doc>Closes all open connections.</doc>
<status status="PASS" starttime="20210502 10:06:00.168" endtime="20210502 10:06:00.170"></status>
</kw>
<doc>Security Baseline Template Version :CentOS-8_10FEB2021_Ver2.0: OS :CentOS 8: Hostname DataBase Server1 IP Address 192.168.20.30</doc>
<status status="PASS" starttime="20210502 10:05:36.632" endtime="20210502 10:06:00.170"></status>
</suite>
<statistics>
<total>
<stat pass="117" fail="0">Critical Tests</stat>
<stat pass="117" fail="0">All Tests</stat>
</total>
<tag>
<stat pass="1" fail="0">(1-1-1) Ensure mounting of cramfs filesystems is disabled</stat>
<stat pass="1" fail="0">(1-1-2) Ensure mounting of squashfs filesystems is disabled</stat>
<stat pass="1" fail="0">(1-1-3) Ensure mounting of udf filesystems is disabled</stat>
<stat pass="1" fail="0">(1-1-4) Ensure nodev option set on /tmp partition</stat>
<stat pass="1" fail="0">(1-1-5) Ensure nosuid option set on /tmp partition</stat>
<stat pass="1" fail="0">(1-1-6) Ensure noexec option set on /tmp partition</stat>
<stat pass="1" fail="0">(1-1-7) Ensure nodev option set on /var/tmp partition</stat>
<stat pass="1" fail="0">(1-1-8) Ensure nosuid option set on /var/tmp partition</stat>
<stat pass="1" fail="0">(1-1-9) Ensure noexec option set on /var/tmp partition</stat>
<stat pass="1" fail="0">1-1-10 Ensure nodev option set on /home partition</stat>
<stat pass="1" fail="0">1-1-11 Ensure nodev option set on /dev/shm partition</stat>
<stat pass="1" fail="0">1-1-12 Ensure nosuid option set on /dev/shm partition</stat>
<stat pass="1" fail="0">1-1-13 Ensure noexec option set on /dev/shm partition</stat>
<stat pass="1" fail="0">1-1-14 Disable Automounting</stat>
<stat pass="1" fail="0">1-2-1 Ensure gpgcheck is globally activated</stat>
<stat pass="1" fail="0">1-2-2 Ensure package manager repositories are configured</stat>
<stat pass="1" fail="0">1-3-1 Ensure sudo is installed</stat>
<stat pass="1" fail="0">1-4-1 Ensure AIDE is installed</stat>
<stat pass="1" fail="0">1-4-2 Ensure filesystem integrity is regularly checked</stat>
<stat pass="1" fail="0">1-5-1 Ensure permissions on bootloader config are configured</stat>
<stat pass="1" fail="0">1-5-2 Ensure bootloader password is set</stat>
<stat pass="1" fail="0">1-5-3 Ensure authentication required for single user mode</stat>
<stat pass="1" fail="0">1-6-1 Ensure core dumps are restricted</stat>
<stat pass="1" fail="0">1-6-2 Ensure address space layout randomization (ASLR) is enabled</stat>
<stat pass="1" fail="0">1-7-1 Ensure SELinux is installed</stat>
<stat pass="1" fail="0">1-7-2 Ensure SELinux policy is configured</stat>
<stat pass="1" fail="0">1-7-3 Ensure the SELinux state is enforcing</stat>
<stat pass="1" fail="0">1-7-4 Ensure SETroubleshoot is not installed</stat>
<stat pass="1" fail="0">1-7-5 Ensure the MCS Translation Service (mcstrans) is not installed</stat>
<stat pass="1" fail="0">1-8-1 Ensure message of the day is configured properly</stat>
<stat pass="1" fail="0">1-8-2 Ensure local login warning banner is configured properly</stat>
<stat pass="1" fail="0">1-8-3 Ensure permissions on /etc/motd are configured</stat>
<stat pass="1" fail="0">1-8-4 Ensure permissions on /etc/issue are configured</stat>
<stat pass="1" fail="0">1-8-5 Ensure permissions on /etc/issue.net are configured</stat>
<stat pass="1" fail="0">1-8-6 Ensure system-wide crypto policy is FUTURE or FIPS</stat>
<stat pass="1" fail="0">2-1-1 Ensure xinetd is not installed</stat>
<stat pass="1" fail="0">2-2-10 Ensure FTP Server is not enabled</stat>
<stat pass="1" fail="0">2-2-11 Ensure DNS Server is not enabled</stat>
<stat pass="1" fail="0">2-2-12 Ensure NFS is not enabled</stat>
<stat pass="1" fail="0">2-2-13 Ensure RPC is not enabled</stat>
<stat pass="1" fail="0">2-2-14 Ensure LDAP server is not enabled</stat>
<stat pass="1" fail="0">2-2-15 Ensure DHCP Server is not enabled</stat>
<stat pass="1" fail="0">2-2-16 Ensure CUPS is not enabled (Scored)</stat>
<stat pass="1" fail="0">2-2-17 Ensure NIS Server is not enabled (Scored)</stat>
<stat pass="1" fail="0">2-2-18 Ensure mail transfer agent is configured for local-only mode</stat>
<stat pass="1" fail="0">2-2-1 Ensure time synchronization is in use</stat>
<stat pass="1" fail="0">2-2-2 Ensure chrony is configured</stat>
<stat pass="1" fail="0">2-2-3 Ensure rsync service is not enabled</stat>
<stat pass="1" fail="0">2-2-4 Ensure Avahi Server is not enabled</stat>
<stat pass="1" fail="0">2-2-5 Ensure SNMP Server is not enabled</stat>
<stat pass="1" fail="0">2-2-6 Ensure HTTP Proxy Server is not enabled</stat>
<stat pass="1" fail="0">2-2-7 Ensure Samba is not enabled</stat>
<stat pass="1" fail="0">2-2-8 Ensure IMAP and POP3 server is not enabled</stat>
<stat pass="1" fail="0">2-2-9 Ensure HTTP server is not enabled</stat>
<stat pass="1" fail="0">2-3-1 Ensure NIS Client is not installed</stat>
<stat pass="1" fail="0">2-3-2 Ensure telnet client is not installed</stat>
<stat pass="1" fail="0">2-3-3 Ensure LDAP client is not installed</stat>
<stat pass="1" fail="0">3-1-1 Ensure IP forwarding is disabled</stat>
<stat pass="1" fail="0">3-1-2 Ensure packet redirect sending is disabled</stat>
<stat pass="1" fail="0">3-2-1 Ensure source routed packets are not accepted</stat>
<stat pass="1" fail="0">3-2-2 Ensure ICMP redirects are not accepted</stat>
<stat pass="1" fail="0">3-2-3 Ensure secure ICMP redirects are not accepted </stat>
<stat pass="1" fail="0">3-2-4 Ensure suspicious packets are logged </stat>
<stat pass="1" fail="0">3-2-5 Ensure broadcast ICMP requests are ignored </stat>
<stat pass="1" fail="0">3-2-6 Ensure bogus ICMP responses are ignored </stat>
<stat pass="1" fail="0">3-2-7 Ensure Reverse Path Filtering is enabled </stat>
<stat pass="1" fail="0">3-2-8 Ensure TCP SYN Cookies is enabled </stat>
<stat pass="1" fail="0">3-2-9 Ensure IPv6 router advertisements are not accepted </stat>
<stat pass="1" fail="0">3-3-1 Ensure SCTP is disabled </stat>
<stat pass="1" fail="0">3-4-1 Ensure a Firewall package is installed </stat>
<stat pass="1" fail="0">3-4-2 Ensure firewalld service is enabled and running </stat>
<stat pass="1" fail="0">3-4-3 Ensure nftables is not enabled </stat>
<stat pass="1" fail="0">3-4-4 Ensure default zone is set </stat>
<stat pass="1" fail="0">3-4-5 Ensure network interfaces are assigned to appropriate zone</stat>
<stat pass="1" fail="0">3-4-6 Ensure iptables is not enabled </stat>
<stat pass="1" fail="0">3-4-7 Ensure a table exists </stat>
<stat pass="1" fail="0">3-4-8 Ensure nftables service is enabled </stat>
<stat pass="1" fail="0">3-5 Ensure wireless interfaces are disabled </stat>
<stat pass="1" fail="0">3-6 Disable IPv6</stat>
<stat pass="1" fail="0">4-1-10 Ensure events that modify date and time information are collected </stat>
<stat pass="1" fail="0">4-1-11 Ensure events that modify the system Mandatory Access Controls are collected </stat>
<stat pass="1" fail="0">4-1-12 Ensure events that modify the system network environment are collected </stat>
<stat pass="1" fail="0">4-1-13 Ensure discretionary access control permission modification are collected </stat>
<stat pass="1" fail="0">4-1-14 Ensure events that modify user/group information are collected </stat>
<stat pass="1" fail="0">4-1-15 Ensure successful file system mounts are collected </stat>
<stat pass="1" fail="0">4-1-16 Ensure file deletion events by users are collected </stat>
<stat pass="1" fail="0">4-1-17 Ensure kernel module loading and unloading is collected </stat>
<stat pass="1" fail="0">4-1-1 Ensure auditd is installed </stat>
<stat pass="1" fail="0">4-1-2 Ensure auditd service is enabled </stat>
<stat pass="1" fail="0">4-1-3 Ensure auditing for processes that start prior to auditd is enabled </stat>
<stat pass="1" fail="0">4-1-4 Ensure audit log storage size is configured </stat>
<stat pass="1" fail="0">4-1-5 Ensure audit logs are not automatically deleted </stat>
<stat pass="1" fail="0">4-1-6 Ensure system is disabled when audit logs are full </stat>
<stat pass="1" fail="0">4-1-7 Ensure changes to system administration scope is collected</stat>
<stat pass="1" fail="0">4-1-8 Ensure login and logout events are collected </stat>
<stat pass="1" fail="0">4-1-9 Ensure session initiation information is collected </stat>
<stat pass="1" fail="0">4-2-1 Ensure rsyslog is installed </stat>
<stat pass="1" fail="0">4-2-2 Ensure rsyslog Service is enabled</stat>
<stat pass="1" fail="0">5-1-1 Ensure permissions on /etc/ssh/sshd_config are configured</stat>
<stat pass="1" fail="0">5-1-2 Ensure SSH LogLevel is appropriate</stat>
<stat pass="1" fail="0">5-1-3 Ensure SSH X11 forwarding is disabled</stat>
<stat pass="1" fail="0">5-1-4 Ensure SSH MaxAuthTries is set to 4 or less</stat>
<stat pass="1" fail="0">5-1-5 Ensure SSH IgnoreRhosts is enabled</stat>
<stat pass="1" fail="0">5-1-6 Ensure SSH PermitEmptyPasswords is disabled</stat>
<stat pass="1" fail="0">5-1-7 Ensure SSH LoginGraceTime is set to one minute or less</stat>
<stat pass="1" fail="0">5-1-8 Ensure SSH AllowTcpForwarding is disabled</stat>
<stat pass="1" fail="0">5-1-9 Ensure SSH MaxSessions is set to 4 or less </stat>
<stat pass="1" fail="0">5-2-1 Ensure password expiration is 365 days or less</stat>
<stat pass="1" fail="0">5-2-2 Ensure password expiration warning days is 7 or more</stat>
<stat pass="1" fail="0">5-2-3 Ensure default group for the root account is GID 0</stat>
<stat pass="1" fail="0">6-1-1 Ensure permissions on /etc/passwd are configured</stat>
<stat pass="1" fail="0">6-1-2 Ensure permissions on /etc/shadow are configured</stat>
<stat pass="1" fail="0">6-1-3 Ensure permissions on /etc/group are configured</stat>
<stat pass="1" fail="0">6-1-4 Ensure permissions on /etc/gshadow are configured </stat>
<stat pass="1" fail="0">Email notification</stat>
<stat pass="1" fail="0">Integrity Proof</stat>
</tag>
<suite>
<stat pass="117" fail="0" id="s1" name="IS2 Robot Template CentOS-v2.0">IS2 Robot Template CentOS-v2.0</stat>
</suite>
</statistics>
<errors>
</errors>
</robot>
